#
# There is insufficient memory for the Java Runtime Environment to continue.
# Native memory allocation (malloc) failed to allocate 750976 bytes for Chunk::new
# Possible reasons:
#   The system is out of physical RAM or swap space
#   In 32 bit mode, the process size limit was hit
# Possible solutions:
#   Reduce memory load on the system
#   Increase physical memory or swap space
#   Check if swap backing store is full
#   Use 64 bit Java on a 64 bit OS
#   Decrease Java heap size (-Xmx/-Xms)
#   Decrease number of Java threads
#   Decrease Java thread stack sizes (-Xss)
#   Set larger code cache with -XX:ReservedCodeCacheSize=
# This output file may be truncated or incomplete.
#
#  Out of Memory Error (allocation.cpp:328), pid=90648, tid=91048
#
# JRE version: 7.0_25-b17
# Java VM: Java HotSpot(TM) 64-Bit Server VM (23.25-b01 mixed mode windows-amd64 compressed oops)
# Failed to write core dump. Minidumps are not enabled by default on client versions of Windows
#

---------------  T H R E A D  ---------------

Current thread (0x0000000008b0e800):  JavaThread "C2 CompilerThread1" daemon [_thread_in_native, id=91048, stack(0x000000000a1b0000,0x000000000a2b0000)]

Stack: [0x000000000a1b0000,0x000000000a2b0000]

Current CompileTask:
C2:   2660  528   !         com.android.dx.cf.code.Ropper::processBlock (1101 bytes)


---------------  P R O C E S S  ---------------

Java Threads: ( => current thread )
  0x000000000a5f5000 JavaThread "pool-2-thread-4" [_thread_in_Java, id=87848, stack(0x000000000acb0000,0x000000000adb0000)]
  0x000000000a5f4800 JavaThread "pool-2-thread-3" [_thread_blocked, id=84736, stack(0x000000000abb0000,0x000000000acb0000)]
  0x000000000a5ef800 JavaThread "pool-2-thread-2" [_thread_blocked, id=83880, stack(0x000000000aab0000,0x000000000abb0000)]
  0x000000000a676800 JavaThread "pool-3-thread-1" [_thread_blocked, id=91128, stack(0x000000000a9b0000,0x000000000aab0000)]
  0x000000000a675800 JavaThread "pool-2-thread-1" [_thread_blocked, id=91124, stack(0x000000000a8b0000,0x000000000a9b0000)]
  0x0000000008b1d000 JavaThread "Service Thread" daemon [_thread_blocked, id=91068, stack(0x000000000a2b0000,0x000000000a3b0000)]
=>0x0000000008b0e800 JavaThread "C2 CompilerThread1" daemon [_thread_in_native, id=91048, stack(0x000000000a1b0000,0x000000000a2b0000)]
  0x0000000008b0c800 JavaThread "C2 CompilerThread0" daemon [_thread_in_vm, id=91032, stack(0x000000000a0b0000,0x000000000a1b0000)]
  0x0000000008b0b800 JavaThread "Attach Listener" daemon [_thread_blocked, id=91020, stack(0x0000000009fb0000,0x000000000a0b0000)]
  0x0000000008ae0800 JavaThread "Signal Dispatcher" daemon [_thread_blocked, id=91004, stack(0x0000000009eb0000,0x0000000009fb0000)]
  0x0000000008a72800 JavaThread "Finalizer" daemon [_thread_blocked, id=90976, stack(0x0000000009db0000,0x0000000009eb0000)]
  0x0000000008a6f800 JavaThread "Reference Handler" daemon [_thread_blocked, id=90972, stack(0x0000000009cb0000,0x0000000009db0000)]
  0x000000000208e000 JavaThread "main" [_thread_blocked, id=90860, stack(0x0000000002410000,0x0000000002510000)]

Other Threads:
  0x0000000008a66800 VMThread [stack: 0x0000000009bb0000,0x0000000009cb0000] [id=90940]
  0x0000000008b2e000 WatcherThread [stack: 0x000000000a3b0000,0x000000000a4b0000] [id=91072]

VM state:not at safepoint (normal execution)

VM Mutex/Monitor currently owned by a thread: None

Heap
 PSYoungGen      total 141696K, used 25949K [0x00000000eaab0000, 0x00000000f3fb0000, 0x0000000100000000)
  eden space 130816K, 11% used [0x00000000eaab0000,0x00000000eb96e530,0x00000000f2a70000)
  from space 10880K, 99% used [0x00000000f3510000,0x00000000f3fa8f18,0x00000000f3fb0000)
  to   space 10880K, 0% used [0x00000000f2a70000,0x00000000f2a70000,0x00000000f3510000)
 ParOldGen       total 174336K, used 8716K [0x00000000c0000000, 0x00000000caa40000, 0x00000000eaab0000)
  object space 174336K, 4% used [0x00000000c0000000,0x00000000c08830e8,0x00000000caa40000)
 PSPermGen       total 21248K, used 6180K [0x00000000bae00000, 0x00000000bc2c0000, 0x00000000c0000000)
  object space 21248K, 29% used [0x00000000bae00000,0x00000000bb4092c0,0x00000000bc2c0000)

Card table byte_map: [0x00000000056d0000,0x0000000005900000] byte_map_base: 0x00000000050f9000

Polling page: 0x00000000001f0000

Code Cache  [0x0000000002610000, 0x0000000002880000, 0x0000000005610000)
 total_blobs=770 nmethods=533 adapters=188 free_code_cache=47041Kb largest_free_block=48127552

Compilation events (10 events):
Event: 2.637 Thread 0x0000000008b0c800 nmethod 529 0x000000000280fc90 code [0x000000000280fde0, 0x000000000280fef8]
Event: 2.637 Thread 0x0000000008b0c800  530             com.android.dx.rop.code.LocalItem::compareTo (9 bytes)
Event: 2.639 Thread 0x0000000008b0c800 nmethod 530 0x000000000280f4d0 code [0x000000000280f620, 0x000000000280f938]
Event: 2.647 Thread 0x0000000008b0c800  531             com.android.dx.rop.cst.CstType::getClassType (5 bytes)
Event: 2.647 Thread 0x0000000008b0c800 nmethod 531 0x00000000027f6690 code [0x00000000027f67c0, 0x00000000027f6818]
Event: 2.650 Thread 0x0000000008b0c800  532             com.android.dx.cf.direct.DirectClassFile::getConstantPool (9 bytes)
Event: 2.650 Thread 0x0000000008b0c800 nmethod 532 0x000000000281ae50 code [0x000000000281afa0, 0x000000000281b028]
Event: 2.650 Thread 0x0000000008b0c800  533             java.util.TreeMap$PrivateEntryIterator::nextEntry (54 bytes)
Event: 2.652 Thread 0x0000000008b0c800 nmethod 533 0x0000000002825750 code [0x00000000028258a0, 0x00000000028259b8]
Event: 2.652 Thread 0x0000000008b0c800  534   !         com.android.dx.cf.code.BytecodeArray::parseInstruction (2764 bytes)

GC Heap History (4 events):
Event: 1.602 GC heap before
{Heap before GC invocations=1 (full 0):
 PSYoungGen      total 76288K, used 65408K [0x00000000eaab0000, 0x00000000effd0000, 0x0000000100000000)
  eden space 65408K, 100% used [0x00000000eaab0000,0x00000000eea90000,0x00000000eea90000)
  from space 10880K, 0% used [0x00000000ef530000,0x00000000ef530000,0x00000000effd0000)
  to   space 10880K, 0% used [0x00000000eea90000,0x00000000eea90000,0x00000000ef530000)
 ParOldGen       total 174336K, used 0K [0x00000000c0000000, 0x00000000caa40000, 0x00000000eaab0000)
  object space 174336K, 0% used [0x00000000c0000000,0x00000000c0000000,0x00000000caa40000)
 PSPermGen       total 21248K, used 6115K [0x00000000bae00000, 0x00000000bc2c0000, 0x00000000c0000000)
  object space 21248K, 28% used [0x00000000bae00000,0x00000000bb3f8d50,0x00000000bc2c0000)
Event: 1.634 GC heap after
Heap after GC invocations=1 (full 0):
 PSYoungGen      total 76288K, used 10854K [0x00000000eaab0000, 0x00000000f3fb0000, 0x0000000100000000)
  eden space 65408K, 0% used [0x00000000eaab0000,0x00000000eaab0000,0x00000000eea90000)
  from space 10880K, 99% used [0x00000000eea90000,0x00000000ef529960,0x00000000ef530000)
  to   space 10880K, 0% used [0x00000000f3510000,0x00000000f3510000,0x00000000f3fb0000)
 ParOldGen       total 174336K, used 757K [0x00000000c0000000, 0x00000000caa40000, 0x00000000eaab0000)
  object space 174336K, 0% used [0x00000000c0000000,0x00000000c00bd728,0x00000000caa40000)
 PSPermGen       total 21248K, used 6115K [0x00000000bae00000, 0x00000000bc2c0000, 0x00000000c0000000)
  object space 21248K, 28% used [0x00000000bae00000,0x00000000bb3f8d50,0x00000000bc2c0000)
}
Event: 2.578 GC heap before
{Heap before GC invocations=2 (full 0):
 PSYoungGen      total 76288K, used 76262K [0x00000000eaab0000, 0x00000000f3fb0000, 0x0000000100000000)
  eden space 65408K, 100% used [0x00000000eaab0000,0x00000000eea90000,0x00000000eea90000)
  from space 10880K, 99% used [0x00000000eea90000,0x00000000ef529960,0x00000000ef530000)
  to   space 10880K, 0% used [0x00000000f3510000,0x00000000f3510000,0x00000000f3fb0000)
 ParOldGen       total 174336K, used 757K [0x00000000c0000000, 0x00000000caa40000, 0x00000000eaab0000)
  object space 174336K, 0% used [0x00000000c0000000,0x00000000c00bd728,0x00000000caa40000)
 PSPermGen       total 21248K, used 6173K [0x00000000bae00000, 0x00000000bc2c0000, 0x00000000c0000000)
  object space 21248K, 29% used [0x00000000bae00000,0x00000000bb4076a0,0x00000000bc2c0000)
Event: 2.609 GC heap after
Heap after GC invocations=2 (full 0):
 PSYoungGen      total 141696K, used 10851K [0x00000000eaab0000, 0x00000000f3fb0000, 0x0000000100000000)
  eden space 130816K, 0% used [0x00000000eaab0000,0x00000000eaab0000,0x00000000f2a70000)
  from space 10880K, 99% used [0x00000000f3510000,0x00000000f3fa8f18,0x00000000f3fb0000)
  to   space 10880K, 0% used [0x00000000f2a70000,0x00000000f2a70000,0x00000000f3510000)
 ParOldGen       total 174336K, used 8716K [0x00000000c0000000, 0x00000000caa40000, 0x00000000eaab0000)
  object space 174336K, 4% used [0x00000000c0000000,0x00000000c08830e8,0x00000000caa40000)
 PSPermGen       total 21248K, used 6173K [0x00000000bae00000, 0x00000000bc2c0000, 0x00000000c0000000)
  object space 21248K, 29% used [0x00000000bae00000,0x00000000bb4076a0,0x00000000bc2c0000)
}

Deoptimization events (10 events):
Event: 2.268 Thread 0x000000000a5f4800 Uncommon trap 78 fr.pc 0x0000000002759b0c
Event: 2.459 Thread 0x000000000208e000 Uncommon trap -34 fr.pc 0x000000000271c2d0
Event: 2.471 Thread 0x000000000a5f4800 Uncommon trap -12 fr.pc 0x00000000027e6c40
Event: 2.474 Thread 0x000000000a675800 Uncommon trap -12 fr.pc 0x00000000027f29cc
Event: 2.625 Thread 0x000000000a675800 Uncommon trap -58 fr.pc 0x00000000027fff28
Event: 2.625 Thread 0x000000000a675800 Uncommon trap -58 fr.pc 0x00000000027ffbfc
Event: 2.625 Thread 0x000000000a675800 Uncommon trap -58 fr.pc 0x00000000027ffc88
Event: 2.625 Thread 0x000000000a675800 Uncommon trap -58 fr.pc 0x00000000027ffb70
Event: 2.625 Thread 0x000000000a675800 Uncommon trap -58 fr.pc 0x00000000027ffb70
Event: 2.625 Thread 0x000000000a675800 Uncommon trap -34 fr.pc 0x000000000271c2d0

Internal exceptions (10 events):
Event: 0.401 Thread 0x000000000208e000 Threw 0x00000000ebced460 at C:\jdk7u2_64p\jdk7u25\hotspot\src\share\vm\prims\jvm.cpp:1235
Event: 0.489 Thread 0x000000000a5ef800 Threw 0x00000000eb6ff3b8 at C:\jdk7u2_64p\jdk7u25\hotspot\src\share\vm\prims\jvm.cpp:1235
Event: 0.510 Thread 0x000000000a5ef800 Threw 0x00000000eb771a90 at C:\jdk7u2_64p\jdk7u25\hotspot\src\share\vm\prims\jvm.cpp:1235
Event: 0.527 Thread 0x000000000208e000 Implicit null exception at 0x0000000002693a18 to 0x0000000002693d99
Event: 0.664 Thread 0x000000000a5f5000 Threw 0x00000000ec4831c8 at C:\jdk7u2_64p\jdk7u25\hotspot\src\share\vm\prims\jvm.cpp:1235
Event: 0.675 Thread 0x000000000a5f4800 Threw 0x00000000ec07acf0 at C:\jdk7u2_64p\jdk7u25\hotspot\src\share\vm\prims\jvm.cpp:1235
Event: 1.092 Thread 0x000000000208e000 Implicit null exception at 0x00000000026e6117 to 0x00000000026e67f1
Event: 1.140 Thread 0x000000000208e000 Threw 0x00000000ed802c40 at C:\jdk7u2_64p\jdk7u25\hotspot\src\share\vm\prims\jvm.cpp:1235
Event: 2.150 Thread 0x000000000a5f5000 Threw 0x00000000ec72c520 at C:\jdk7u2_64p\jdk7u25\hotspot\src\share\vm\prims\jvm.cpp:1235
Event: 2.268 Thread 0x000000000a5f4800 Threw 0x00000000ed778618 at C:\jdk7u2_64p\jdk7u25\hotspot\src\share\vm\prims\jvm.cpp:1235

Events (10 events):
Event: 2.625 Thread 0x000000000a675800 DEOPT PACKING pc=0x00000000027ffbfc sp=0x000000000a9ae730
Event: 2.625 Thread 0x000000000a675800 DEOPT UNPACKING pc=0x0000000002649164 sp=0x000000000a9ae6e8 mode 2
Event: 2.625 Thread 0x000000000a675800 DEOPT PACKING pc=0x00000000027ffc88 sp=0x000000000a9ae730
Event: 2.625 Thread 0x000000000a675800 DEOPT UNPACKING pc=0x0000000002649164 sp=0x000000000a9ae6e8 mode 2
Event: 2.625 Thread 0x000000000a675800 DEOPT PACKING pc=0x00000000027ffb70 sp=0x000000000a9ae730
Event: 2.625 Thread 0x000000000a675800 DEOPT UNPACKING pc=0x0000000002649164 sp=0x000000000a9ae6e8 mode 2
Event: 2.625 Thread 0x000000000a675800 DEOPT PACKING pc=0x00000000027ffb70 sp=0x000000000a9ae730
Event: 2.625 Thread 0x000000000a675800 DEOPT UNPACKING pc=0x0000000002649164 sp=0x000000000a9ae6e8 mode 2
Event: 2.625 Thread 0x000000000a675800 DEOPT PACKING pc=0x000000000271c2d0 sp=0x000000000a9aea10
Event: 2.625 Thread 0x000000000a675800 DEOPT UNPACKING pc=0x0000000002649164 sp=0x000000000a9ae978 mode 2


Dynamic libraries:
0x00007ff6ae410000 - 0x00007ff6ae443000 	C:\Program Files\Java\jdk1.7.0_25\bin\java.exe
0x00007ffac94d0000 - 0x00007ffac9691000 	C:\WINDOWS\SYSTEM32\ntdll.dll
0x00007ffac73a0000 - 0x00007ffac744d000 	C:\WINDOWS\system32\KERNEL32.DLL
0x00007ffac5b60000 - 0x00007ffac5d48000 	C:\WINDOWS\system32\KERNELBASE.dll
0x00007ffac7a00000 - 0x00007ffac7aa7000 	C:\WINDOWS\system32\ADVAPI32.dll
0x00007ffac77a0000 - 0x00007ffac783d000 	C:\WINDOWS\system32\msvcrt.dll
0x00007ffac7840000 - 0x00007ffac789b000 	C:\WINDOWS\system32\sechost.dll
0x00007ffac7dd0000 - 0x00007ffac7eec000 	C:\WINDOWS\system32\RPCRT4.dll
0x00007ffac78a0000 - 0x00007ffac79f6000 	C:\WINDOWS\system32\USER32.dll
0x00007ffac7610000 - 0x00007ffac7796000 	C:\WINDOWS\system32\GDI32.dll
0x00007ffab8120000 - 0x00007ffab8394000 	C:\WINDOWS\WinSxS\amd64_microsoft.windows.common-controls_6595b64144ccf1df_6.0.10586.0_none_8c15ae12515e1c22\COMCTL32.dll
0x00007ffac6dd0000 - 0x00007ffac704d000 	C:\WINDOWS\system32\combase.dll
0x00007ffac6840000 - 0x00007ffac68aa000 	C:\WINDOWS\system32\bcryptPrimitives.dll
0x00007ffac7b80000 - 0x00007ffac7bbb000 	C:\WINDOWS\system32\IMM32.DLL
0x000000006dac0000 - 0x000000006db91000 	C:\Program Files\Java\jdk1.7.0_25\jre\bin\msvcr100.dll
0x000000006dec0000 - 0x000000006e5cf000 	C:\Program Files\Java\jdk1.7.0_25\jre\bin\server\jvm.dll
0x00007ffac9460000 - 0x00007ffac9468000 	C:\WINDOWS\system32\PSAPI.DLL
0x00007ffabbac0000 - 0x00007ffabbac9000 	C:\WINDOWS\SYSTEM32\WSOCK32.dll
0x00007ffac7ab0000 - 0x00007ffac7b1b000 	C:\WINDOWS\system32\WS2_32.dll
0x00007ffac3650000 - 0x00007ffac3673000 	C:\WINDOWS\SYSTEM32\WINMM.dll
0x00007ffac2a40000 - 0x00007ffac2a6c000 	C:\WINDOWS\SYSTEM32\WINMMBASE.dll
0x00007ffac6680000 - 0x00007ffac66c3000 	C:\WINDOWS\system32\cfgmgr32.dll
0x000000006e9d0000 - 0x000000006e9df000 	C:\Program Files\Java\jdk1.7.0_25\jre\bin\verify.dll
0x000000006e9a0000 - 0x000000006e9c8000 	C:\Program Files\Java\jdk1.7.0_25\jre\bin\java.dll
0x000000006e980000 - 0x000000006e995000 	C:\Program Files\Java\jdk1.7.0_25\jre\bin\zip.dll
0x000000006e940000 - 0x000000006e959000 	C:\Program Files\Java\jdk1.7.0_25\jre\bin\net.dll
0x00007ffac53a0000 - 0x00007ffac53fc000 	C:\WINDOWS\system32\mswsock.dll
0x000000006e960000 - 0x000000006e971000 	C:\Program Files\Java\jdk1.7.0_25\jre\bin\nio.dll

VM Arguments:
jvm_args: -Djava.awt.headless=true -Xmx1024M -Dfile.encoding=GBK -Duser.country=GB -Duser.language=en -Duser.variant 
java_command: com.android.dx.command.Main --dex --force-jumbo --num-threads=4 --multi-dex --output D:\src\Health\app\build\intermediates\transforms\dex\debug\folders\1000\10\com.android.support-appcompat-v7-23.2.1_d88d0faa068747c5e3a0663b51c84a6d566d341b D:\src\Health\app\build\intermediates\exploded-aar\com.android.support\appcompat-v7\23.2.1\jars\classes.jar
Launcher Type: SUN_STANDARD

Environment Variables:
JAVA_HOME=C:\Program Files\Java\jdk1.7.0_25
CLASSPATH=TALINA_HOME1b;.;C:\Program Files\Java\jdk1.7.0_25\lib;C:\Program Files\Java\jdk1.7.0_25\jre8\lib\tools.jar;D:\Program Files (x86)\apache-tomcat-8.0.21\lib\servlet-api.jar
PATH=C:\Program Files (x86)\PC Connectivity Solution\;C:\WINDOWS\system32;C:\WINDOWS;C:\WINDOWS\System32\Wbem;C:\WINDOWS\System32\WindowsPowerShell\v1.0\;C:\Program Files\Java\jdk1.7.0_25\bin;C:\Program Files\Java\jdk1.7.0_25\jre8\bin;;D:\Program Files\MATLAB\R2014b\runtime\win64;D:\Program Files\MATLAB\R2014b\bin;D:\Program Files (x86)\apache-tomcat-8.0.21\bin;C:\Python27\Scripts;C:\Program Files\nodejs\;;C:\Program Files (x86)\ATI Technologies\ATI.ACE\Core-Static;C:\Program Files (x86)\MySQL\MySQL Fabric 1.5 & MySQL Utilities 1.5\;C:\Program Files (x86)\MySQL\MySQL Fabric 1.5 & MySQL Utilities 1.5\Doctrine extensions for PHP\;C:\Program Files (x86)\Windows Kits\8.1\Windows Performance Toolkit\;C:\Program Files\Microsoft SQL Server\110\Tools\Binn\;C:\Users\hp\AppData\Roaming\npm;C:\Program Files\MySQL\MySQL Server 5.7\bin
USERNAME=hp
OS=Windows_NT
PROCESSOR_IDENTIFIER=Intel64 Family 6 Model 42 Stepping 7, GenuineIntel



---------------  S Y S T E M  ---------------

OS: Windows 8 , 64 bit Build 9200 

CPU:total 4 (4 cores per cpu, 1 threads per core) family 6 model 42 stepping 7, cmov, cx8, fxsr, mmx, sse, sse2, sse3, ssse3, sse4.1, sse4.2, popcnt, avx, tsc, tscinvbit

Memory: 4k page, physical 16734324k(3427508k free), swap 16734324k(5868k free)

vm_info: Java HotSpot(TM) 64-Bit Server VM (23.25-b01) for windows-amd64 JRE (1.7.0_25-b17), built on Jun 21 2013 12:58:32 by "java_re" with unknown MS VC++:1600

time: Mon Apr 25 22:34:32 2016
elapsed time: 2 seconds

