#
# There is insufficient memory for the Java Runtime Environment to continue.
# Native memory allocation (malloc) failed to allocate 235136 bytes for Chunk::new
# Possible reasons:
#   The system is out of physical RAM or swap space
#   In 32 bit mode, the process size limit was hit
# Possible solutions:
#   Reduce memory load on the system
#   Increase physical memory or swap space
#   Check if swap backing store is full
#   Use 64 bit Java on a 64 bit OS
#   Decrease Java heap size (-Xmx/-Xms)
#   Decrease number of Java threads
#   Decrease Java thread stack sizes (-Xss)
#   Set larger code cache with -XX:ReservedCodeCacheSize=
# This output file may be truncated or incomplete.
#
#  Out of Memory Error (allocation.cpp:328), pid=90808, tid=90824
#
# JRE version: 7.0_25-b17
# Java VM: Java HotSpot(TM) 64-Bit Server VM (23.25-b01 mixed mode windows-amd64 compressed oops)
# Failed to write core dump. Minidumps are not enabled by default on client versions of Windows
#

---------------  T H R E A D  ---------------

Current thread (0x0000000008a59000):  JavaThread "C2 CompilerThread1" daemon [_thread_in_native, id=90824, stack(0x000000000a0e0000,0x000000000a1e0000)]

Stack: [0x000000000a0e0000,0x000000000a1e0000]
[error occurred during error reporting (printing stack bounds), id 0xc0000005]


[error occurred during error reporting (printing native stack), id 0xc0000005]


Current CompileTask:
C2:    963   93             com.android.dx.ssa.SsaMethod::computeReachability (131 bytes)


---------------  P R O C E S S  ---------------

Java Threads: ( => current thread )
  0x000000000a6d6000 JavaThread "pool-2-thread-4" [_thread_new, id=90980, stack(0x0000000000000000,0x0000000000000000)]
  0x000000000a581800 JavaThread "pool-2-thread-3" [_thread_in_Java, id=85804, stack(0x000000000aae0000,0x000000000abe0000)]
  0x000000000a61d800 JavaThread "pool-2-thread-2" [_thread_in_vm, id=80192, stack(0x000000000a9e0000,0x000000000aae0000)]
  0x000000000a61c800 JavaThread "pool-3-thread-1" [_thread_blocked, id=90676, stack(0x000000000a8e0000,0x000000000a9e0000)]
  0x000000000a61c000 JavaThread "pool-2-thread-1" [_thread_blocked, id=81440, stack(0x000000000a7e0000,0x000000000a8e0000)]
  0x0000000008a68000 JavaThread "Service Thread" daemon [_thread_blocked, id=90916, stack(0x000000000a1e0000,0x000000000a2e0000)]
=>0x0000000008a59000 JavaThread "C2 CompilerThread1" daemon [_thread_in_native, id=90824, stack(0x000000000a0e0000,0x000000000a1e0000)]
  0x0000000008a57000 JavaThread "C2 CompilerThread0" daemon [_thread_in_native, id=89344, stack(0x0000000009fe0000,0x000000000a0e0000)]
  0x0000000008a56000 JavaThread "Attach Listener" daemon [_thread_blocked, id=81620, stack(0x0000000009ee0000,0x0000000009fe0000)]
  0x0000000008a53000 JavaThread "Signal Dispatcher" daemon [_thread_blocked, id=78632, stack(0x0000000009de0000,0x0000000009ee0000)]
  0x00000000089c2800 JavaThread "Finalizer" daemon [_thread_blocked, id=79928, stack(0x0000000009ce0000,0x0000000009de0000)]
  0x00000000089bf800 JavaThread "Reference Handler" daemon [_thread_blocked, id=90240, stack(0x0000000009be0000,0x0000000009ce0000)]
  0x000000000208e000 JavaThread "main" [_thread_in_Java, id=60320, stack(0x0000000002420000,0x0000000002520000)]

Other Threads:
  0x00000000089b6800 VMThread [stack: 0x0000000009ae0000,0x0000000009be0000] [id=91116]
  0x0000000008aab800 WatcherThread [stack: 0x000000000a2e0000,0x000000000a3e0000] [id=90920]

VM state:not at safepoint (normal execution)

VM Mutex/Monitor currently owned by a thread: None

Heap
 PSYoungGen      total 76288K, used 20976K [0x00000000eaab0000, 0x00000000effd0000, 0x0000000100000000)
  eden space 65408K, 32% used [0x00000000eaab0000,0x00000000ebf2c230,0x00000000eea90000)
  from space 10880K, 0% used [0x00000000ef530000,0x00000000ef530000,0x00000000effd0000)
  to   space 10880K, 0% used [0x00000000eea90000,0x00000000eea90000,0x00000000ef530000)
 ParOldGen       total 174336K, used 0K [0x00000000c0000000, 0x00000000caa40000, 0x00000000eaab0000)
  object space 174336K, 0% used [0x00000000c0000000,0x00000000c0000000,0x00000000caa40000)
 PSPermGen       total 21248K, used 5850K [0x00000000bae00000, 0x00000000bc2c0000, 0x00000000c0000000)
  object space 21248K, 27% used [0x00000000bae00000,0x00000000bb3b6ba8,0x00000000bc2c0000)

Card table byte_map: [0x0000000005620000,0x0000000005850000] byte_map_base: 0x0000000005049000

Polling page: 0x0000000000500000

Code Cache  [0x0000000002620000, 0x0000000002890000, 0x0000000005620000)
 total_blobs=340 nmethods=103 adapters=188 free_code_cache=48602Kb largest_free_block=49750464

Compilation events (10 events):
Event: 0.860 Thread 0x0000000008a59000 nmethod 88 0x00000000026a4690 code [0x00000000026a47e0, 0x00000000026a4898]
Event: 0.861 Thread 0x0000000008a57000 nmethod 86 0x00000000026a69d0 code [0x00000000026a6b60, 0x00000000026a70f8]
Event: 0.864 Thread 0x0000000008a59000   89             com.android.dx.ssa.NormalSsaInsn::getOpcode (8 bytes)
Event: 0.865 Thread 0x0000000008a59000 nmethod 89 0x000000000269eb90 code [0x000000000269ecc0, 0x000000000269ed38]
Event: 0.868 Thread 0x0000000008a57000   90             com.android.dx.rop.code.RopMethod::calcPredecessors (227 bytes)
Event: 0.871 Thread 0x0000000008a59000   91             java.util.ArrayList$Itr::<init> (26 bytes)
Event: 0.872 Thread 0x0000000008a59000 nmethod 91 0x00000000026a79d0 code [0x00000000026a7b00, 0x00000000026a7b78]
Event: 0.872 Thread 0x0000000008a59000   92             java.util.ArrayList$Itr::<init> (6 bytes)
Event: 0.872 Thread 0x0000000008a59000 nmethod 92 0x00000000026a76d0 code [0x00000000026a7800, 0x00000000026a7878]
Event: 0.872 Thread 0x0000000008a59000   93             com.android.dx.ssa.SsaMethod::computeReachability (131 bytes)

GC Heap History (0 events):
No events

Deoptimization events (4 events):
Event: 0.812 Thread 0x000000000a61c000 Uncommon trap -34 fr.pc 0x0000000002699758
Event: 0.856 Thread 0x000000000a581800 Uncommon trap -12 fr.pc 0x00000000026a0a14
Event: 0.858 Thread 0x000000000a581800 Uncommon trap -34 fr.pc 0x0000000002699758
Event: 0.871 Thread 0x000000000a581800 Uncommon trap -34 fr.pc 0x0000000002699758

Internal exceptions (10 events):
Event: 0.667 Thread 0x000000000a61c000 Threw 0x00000000eb7bf380 at C:\jdk7u2_64p\jdk7u25\hotspot\src\share\vm\prims\jvm.cpp:1235
Event: 0.676 Thread 0x000000000208e000 Threw 0x00000000eb4a7620 at C:\jdk7u2_64p\jdk7u25\hotspot\src\share\vm\prims\jvm.cpp:1235
Event: 0.677 Thread 0x000000000208e000 Threw 0x00000000eb4b3750 at C:\jdk7u2_64p\jdk7u25\hotspot\src\share\vm\prims\jvm.cpp:1235
Event: 0.683 Thread 0x000000000208e000 Threw 0x00000000eb4cd888 at C:\jdk7u2_64p\jdk7u25\hotspot\src\share\vm\prims\jvm.cpp:1235
Event: 0.817 Thread 0x000000000a61c000 Threw 0x00000000eb8874b8 at C:\jdk7u2_64p\jdk7u25\hotspot\src\share\vm\prims\jvm.cpp:1235
Event: 0.817 Thread 0x000000000a61c000 Threw 0x00000000eb88ccc8 at C:\jdk7u2_64p\jdk7u25\hotspot\src\share\vm\prims\jvm.cpp:1235
Event: 0.818 Thread 0x000000000a61c000 Threw 0x00000000eb892280 at C:\jdk7u2_64p\jdk7u25\hotspot\src\share\vm\prims\jvm.cpp:1235
Event: 0.830 Thread 0x000000000a61c000 Threw 0x00000000ebb700a8 at C:\jdk7u2_64p\jdk7u25\hotspot\src\share\vm\prims\jvm.cpp:1235
Event: 0.856 Thread 0x000000000a581800 Implicit null exception at 0x00000000026a069b to 0x00000000026a0a01
Event: 0.873 Thread 0x000000000a581800 Threw 0x00000000ebd47788 at C:\jdk7u2_64p\jdk7u25\hotspot\src\share\vm\prims\jvm.cpp:1235

Events (10 events):
Event: 0.856 Thread 0x000000000a581800 DEOPT PACKING pc=0x00000000026a0a14 sp=0x000000000abde7c0
Event: 0.856 Thread 0x000000000a581800 DEOPT UNPACKING pc=0x0000000002659164 sp=0x000000000abde710 mode 2
Event: 0.858 Thread 0x000000000a581800 DEOPT PACKING pc=0x0000000002699758 sp=0x000000000abde890
Event: 0.858 Thread 0x000000000a581800 DEOPT UNPACKING pc=0x0000000002659164 sp=0x000000000abde7e0 mode 2
Event: 0.871 Thread 0x000000000a581800 DEOPT PACKING pc=0x0000000002699758 sp=0x000000000abde850
Event: 0.871 Thread 0x000000000a581800 DEOPT UNPACKING pc=0x0000000002659164 sp=0x000000000abde7a0 mode 2
Event: 0.871 loading class 0x000000000890cf10
Event: 0.871 loading class 0x000000000890cf10 done
Event: 0.873 loading class 0x000000000a5fbbd0
Event: 0.873 loading class 0x000000000a5fbbd0 done


Dynamic libraries:
0x00007ff6ae410000 - 0x00007ff6ae443000 	C:\Program Files\Java\jdk1.7.0_25\bin\java.exe
0x00007ffac94d0000 - 0x00007ffac9691000 	C:\WINDOWS\SYSTEM32\ntdll.dll
0x00007ffac73a0000 - 0x00007ffac744d000 	C:\WINDOWS\system32\KERNEL32.DLL
0x00007ffac5b60000 - 0x00007ffac5d48000 	C:\WINDOWS\system32\KERNELBASE.dll
0x00007ffac7a00000 - 0x00007ffac7aa7000 	C:\WINDOWS\system32\ADVAPI32.dll
0x00007ffac77a0000 - 0x00007ffac783d000 	C:\WINDOWS\system32\msvcrt.dll
0x00007ffac7840000 - 0x00007ffac789b000 	C:\WINDOWS\system32\sechost.dll
0x00007ffac7dd0000 - 0x00007ffac7eec000 	C:\WINDOWS\system32\RPCRT4.dll
0x00007ffac78a0000 - 0x00007ffac79f6000 	C:\WINDOWS\system32\USER32.dll
0x00007ffac7610000 - 0x00007ffac7796000 	C:\WINDOWS\system32\GDI32.dll
0x00007ffab8120000 - 0x00007ffab8394000 	C:\WINDOWS\WinSxS\amd64_microsoft.windows.common-controls_6595b64144ccf1df_6.0.10586.0_none_8c15ae12515e1c22\COMCTL32.dll
0x00007ffac6dd0000 - 0x00007ffac704d000 	C:\WINDOWS\system32\combase.dll
0x00007ffac6840000 - 0x00007ffac68aa000 	C:\WINDOWS\system32\bcryptPrimitives.dll
0x00007ffac7b80000 - 0x00007ffac7bbb000 	C:\WINDOWS\system32\IMM32.DLL
0x000000006dac0000 - 0x000000006db91000 	C:\Program Files\Java\jdk1.7.0_25\jre\bin\msvcr100.dll
0x000000006dec0000 - 0x000000006e5cf000 	C:\Program Files\Java\jdk1.7.0_25\jre\bin\server\jvm.dll
0x00007ffac9460000 - 0x00007ffac9468000 	C:\WINDOWS\system32\PSAPI.DLL
0x00007ffabbac0000 - 0x00007ffabbac9000 	C:\WINDOWS\SYSTEM32\WSOCK32.dll
0x00007ffac7ab0000 - 0x00007ffac7b1b000 	C:\WINDOWS\system32\WS2_32.dll
0x00007ffac3650000 - 0x00007ffac3673000 	C:\WINDOWS\SYSTEM32\WINMM.dll
0x00007ffac2a40000 - 0x00007ffac2a6c000 	C:\WINDOWS\SYSTEM32\WINMMBASE.dll
0x00007ffac6680000 - 0x00007ffac66c3000 	C:\WINDOWS\system32\cfgmgr32.dll
0x000000006e9d0000 - 0x000000006e9df000 	C:\Program Files\Java\jdk1.7.0_25\jre\bin\verify.dll
0x000000006e9a0000 - 0x000000006e9c8000 	C:\Program Files\Java\jdk1.7.0_25\jre\bin\java.dll
0x000000006e980000 - 0x000000006e995000 	C:\Program Files\Java\jdk1.7.0_25\jre\bin\zip.dll
0x000000006e940000 - 0x000000006e959000 	C:\Program Files\Java\jdk1.7.0_25\jre\bin\net.dll
0x00007ffac53a0000 - 0x00007ffac53fc000 	C:\WINDOWS\system32\mswsock.dll
0x000000006e960000 - 0x000000006e971000 	C:\Program Files\Java\jdk1.7.0_25\jre\bin\nio.dll

VM Arguments:
jvm_args: -Djava.awt.headless=true -Xmx1024M -Dfile.encoding=GBK -Duser.country=GB -Duser.language=en -Duser.variant 
java_command: com.android.dx.command.Main --dex --force-jumbo --num-threads=4 --multi-dex --output D:\src\Health\app\build\intermediates\transforms\dex\debug\folders\1000\10\com.android.support-design-23.2.1_8f1c78ac9986619e0a1686c775f27435d284d543 D:\src\Health\app\build\intermediates\exploded-aar\com.android.support\design\23.2.1\jars\classes.jar
Launcher Type: SUN_STANDARD

Environment Variables:
JAVA_HOME=C:\Program Files\Java\jdk1.7.0_25
CLASSPATH=TALINA_HOME1b;.;C:\Program Files\Java\jdk1.7.0_25\lib;C:\Program Files\Java\jdk1.7.0_25\jre8\lib\tools.jar;D:\Program Files (x86)\apache-tomcat-8.0.21\lib\servlet-api.jar
PATH=C:\Program Files (x86)\PC Connectivity Solution\;C:\WINDOWS\system32;C:\WINDOWS;C:\WINDOWS\System32\Wbem;C:\WINDOWS\System32\WindowsPowerShell\v1.0\;C:\Program Files\Java\jdk1.7.0_25\bin;C:\Program Files\Java\jdk1.7.0_25\jre8\bin;;D:\Program Files\MATLAB\R2014b\runtime\win64;D:\Program Files\MATLAB\R2014b\bin;D:\Program Files (x86)\apache-tomcat-8.0.21\bin;C:\Python27\Scripts;C:\Program Files\nodejs\;;C:\Program Files (x86)\ATI Technologies\ATI.ACE\Core-Static;C:\Program Files (x86)\MySQL\MySQL Fabric 1.5 & MySQL Utilities 1.5\;C:\Program Files (x86)\MySQL\MySQL Fabric 1.5 & MySQL Utilities 1.5\Doctrine extensions for PHP\;C:\Program Files (x86)\Windows Kits\8.1\Windows Performance Toolkit\;C:\Program Files\Microsoft SQL Server\110\Tools\Binn\;C:\Users\hp\AppData\Roaming\npm;C:\Program Files\MySQL\MySQL Server 5.7\bin
USERNAME=hp
OS=Windows_NT
PROCESSOR_IDENTIFIER=Intel64 Family 6 Model 42 Stepping 7, GenuineIntel



---------------  S Y S T E M  ---------------

OS: Windows 8 , 64 bit Build 9200 

CPU:total 4 (4 cores per cpu, 1 threads per core) family 6 model 42 stepping 7, cmov, cx8, fxsr, mmx, sse, sse2, sse3, ssse3, sse4.1, sse4.2, popcnt, avx, tsc, tscinvbit

Memory: 4k page, physical 16734324k(3529004k free), swap 16734324k(1828k free)

vm_info: Java HotSpot(TM) 64-Bit Server VM (23.25-b01) for windows-amd64 JRE (1.7.0_25-b17), built on Jun 21 2013 12:58:32 by "java_re" with unknown MS VC++:1600

time: Mon Apr 25 22:34:35 2016
elapsed time: 0 seconds

