#
# There is insufficient memory for the Java Runtime Environment to continue.
# Native memory allocation (malloc) failed to allocate 1097296 bytes for Chunk::new
# Possible reasons:
#   The system is out of physical RAM or swap space
#   In 32 bit mode, the process size limit was hit
# Possible solutions:
#   Reduce memory load on the system
#   Increase physical memory or swap space
#   Check if swap backing store is full
#   Use 64 bit Java on a 64 bit OS
#   Decrease Java heap size (-Xmx/-Xms)
#   Decrease number of Java threads
#   Decrease Java thread stack sizes (-Xss)
#   Set larger code cache with -XX:ReservedCodeCacheSize=
# This output file may be truncated or incomplete.
#
#  Out of Memory Error (allocation.cpp:328), pid=93048, tid=105528
#
# JRE version: 7.0_25-b17
# Java VM: Java HotSpot(TM) 64-Bit Server VM (23.25-b01 mixed mode windows-amd64 compressed oops)
# Failed to write core dump. Minidumps are not enabled by default on client versions of Windows
#

---------------  T H R E A D  ---------------

Current thread (0x0000000008a09000):  JavaThread "C2 CompilerThread1" daemon [_thread_in_native, id=105528, stack(0x000000000a0b0000,0x000000000a1b0000)]

Stack: [0x000000000a0b0000,0x000000000a1b0000]

Current CompileTask:
C2:   3021  257             com.android.dx.ssa.SCCP::simulateBlock (54 bytes)


---------------  P R O C E S S  ---------------

Java Threads: ( => current thread )
  0x000000000a498000 JavaThread "pool-2-thread-4" [_thread_in_Java, id=106116, stack(0x000000000abb0000,0x000000000acb0000)]
  0x000000000a497800 JavaThread "pool-2-thread-3" [_thread_in_Java, id=103776, stack(0x000000000aab0000,0x000000000abb0000)]
  0x000000000a594000 JavaThread "pool-2-thread-2" [_thread_in_vm, id=105788, stack(0x000000000a9b0000,0x000000000aab0000)]
  0x000000000a4d3800 JavaThread "pool-3-thread-1" [_thread_blocked, id=105896, stack(0x000000000a8b0000,0x000000000a9b0000)]
  0x000000000a4af000 JavaThread "pool-2-thread-1" [_thread_in_Java, id=83244, stack(0x000000000a7b0000,0x000000000a8b0000)]
  0x0000000008a1b000 JavaThread "Service Thread" daemon [_thread_blocked, id=104528, stack(0x000000000a1b0000,0x000000000a2b0000)]
=>0x0000000008a09000 JavaThread "C2 CompilerThread1" daemon [_thread_in_native, id=105528, stack(0x000000000a0b0000,0x000000000a1b0000)]
  0x0000000008a07000 JavaThread "C2 CompilerThread0" daemon [_thread_in_native, id=104516, stack(0x0000000009fb0000,0x000000000a0b0000)]
  0x0000000008a06000 JavaThread "Attach Listener" daemon [_thread_blocked, id=105780, stack(0x0000000009eb0000,0x0000000009fb0000)]
  0x00000000089d5800 JavaThread "Signal Dispatcher" daemon [_thread_blocked, id=102024, stack(0x0000000009db0000,0x0000000009eb0000)]
  0x0000000008972800 JavaThread "Finalizer" daemon [_thread_blocked, id=104900, stack(0x0000000009cb0000,0x0000000009db0000)]
  0x000000000896f800 JavaThread "Reference Handler" daemon [_thread_blocked, id=48624, stack(0x0000000009bb0000,0x0000000009cb0000)]
  0x0000000001f2e000 JavaThread "main" [_thread_in_Java, id=103604, stack(0x00000000022d0000,0x00000000023d0000)]

Other Threads:
  0x0000000008966800 VMThread [stack: 0x0000000009ab0000,0x0000000009bb0000] [id=100632]
  0x0000000008a68800 WatcherThread [stack: 0x000000000a2b0000,0x000000000a3b0000] [id=102844]

VM state:not at safepoint (normal execution)

VM Mutex/Monitor currently owned by a thread: None

Heap
 PSYoungGen      total 76288K, used 57859K [0x00000000eaab0000, 0x00000000effd0000, 0x0000000100000000)
  eden space 65408K, 88% used [0x00000000eaab0000,0x00000000ee330cf0,0x00000000eea90000)
  from space 10880K, 0% used [0x00000000ef530000,0x00000000ef530000,0x00000000effd0000)
  to   space 10880K, 0% used [0x00000000eea90000,0x00000000eea90000,0x00000000ef530000)
 ParOldGen       total 174336K, used 0K [0x00000000c0000000, 0x00000000caa40000, 0x00000000eaab0000)
  object space 174336K, 0% used [0x00000000c0000000,0x00000000c0000000,0x00000000caa40000)
 PSPermGen       total 21248K, used 6059K [0x00000000bae00000, 0x00000000bc2c0000, 0x00000000c0000000)
  object space 21248K, 28% used [0x00000000bae00000,0x00000000bb3eadb0,0x00000000bc2c0000)

Card table byte_map: [0x00000000055d0000,0x0000000005800000] byte_map_base: 0x0000000004ff9000

Polling page: 0x00000000001f0000

Code Cache  [0x00000000025d0000, 0x0000000002840000, 0x00000000055d0000)
 total_blobs=492 nmethods=255 adapters=188 free_code_cache=48196Kb largest_free_block=49302080

Compilation events (10 events):
Event: 2.818 Thread 0x0000000008a09000 nmethod 247 0x00000000026be2d0 code [0x00000000026be800, 0x00000000026c20a8]
Event: 2.818 Thread 0x0000000008a09000  253             java.lang.Enum::ordinal (5 bytes)
Event: 2.818 Thread 0x0000000008a09000 nmethod 253 0x00000000026a2850 code [0x00000000026a2980, 0x00000000026a29d8]
Event: 2.819 Thread 0x0000000008a09000  254             com.android.dx.ssa.SsaMethod$2::addToUses (48 bytes)
Event: 2.827 Thread 0x0000000008a09000 nmethod 254 0x00000000026b4250 code [0x00000000026b4400, 0x00000000026b4b08]
Event: 2.827 Thread 0x0000000008a09000  255             com.android.dx.ssa.SsaRenamer::access$000 (5 bytes)
Event: 2.827 Thread 0x0000000008a09000 nmethod 255 0x00000000026b2910 code [0x00000000026b2a40, 0x00000000026b2a98]
Event: 2.827 Thread 0x0000000008a09000  256             com.android.dx.ssa.back.IdenticalBlockCombiner::process (323 bytes)
Event: 2.851 Thread 0x0000000008a09000 nmethod 256 0x00000000026c7bd0 code [0x00000000026c7ea0, 0x00000000026c94b8]
Event: 2.851 Thread 0x0000000008a09000  257             com.android.dx.ssa.SCCP::simulateBlock (54 bytes)

GC Heap History (0 events):
No events

Deoptimization events (10 events):
Event: 2.358 Thread 0x000000000a594000 Uncommon trap -34 fr.pc 0x0000000002649d34
Event: 2.366 Thread 0x000000000a594000 Uncommon trap -34 fr.pc 0x0000000002649d34
Event: 2.371 Thread 0x000000000a594000 Uncommon trap -34 fr.pc 0x0000000002649d34
Event: 2.371 Thread 0x000000000a594000 Uncommon trap -34 fr.pc 0x0000000002649d34
Event: 2.405 Thread 0x000000000a498000 Uncommon trap -12 fr.pc 0x0000000002653fcc
Event: 2.654 Thread 0x0000000001f2e000 Uncommon trap -12 fr.pc 0x000000000268fafc
Event: 2.665 Thread 0x0000000001f2e000 Uncommon trap -12 fr.pc 0x0000000002679644
Event: 2.804 Thread 0x0000000001f2e000 Uncommon trap -34 fr.pc 0x00000000026998b8
Event: 2.805 Thread 0x0000000001f2e000 Uncommon trap -34 fr.pc 0x00000000026998b8
Event: 2.805 Thread 0x0000000001f2e000 Uncommon trap -34 fr.pc 0x00000000026998b8

Internal exceptions (10 events):
Event: 2.290 Thread 0x0000000001f2e000 Threw 0x00000000eb244738 at C:\jdk7u2_64p\jdk7u25\hotspot\src\share\vm\prims\jvm.cpp:1235
Event: 2.308 Thread 0x000000000a4af000 Threw 0x00000000eb938760 at C:\jdk7u2_64p\jdk7u25\hotspot\src\share\vm\prims\jvm.cpp:1235
Event: 2.325 Thread 0x0000000001f2e000 Threw 0x00000000eb25ac98 at C:\jdk7u2_64p\jdk7u25\hotspot\src\share\vm\prims\jvm.cpp:1235
Event: 2.329 Thread 0x0000000001f2e000 Threw 0x00000000eba6d430 at C:\jdk7u2_64p\jdk7u25\hotspot\src\share\vm\prims\jvm.cpp:1235
Event: 2.339 Thread 0x0000000001f2e000 Threw 0x00000000eba97388 at C:\jdk7u2_64p\jdk7u25\hotspot\src\share\vm\prims\jvm.cpp:1235
Event: 2.347 Thread 0x0000000001f2e000 Threw 0x00000000ebae8930 at C:\jdk7u2_64p\jdk7u25\hotspot\src\share\vm\prims\jvm.cpp:1235
Event: 2.348 Thread 0x0000000001f2e000 Threw 0x00000000ebaed758 at C:\jdk7u2_64p\jdk7u25\hotspot\src\share\vm\prims\jvm.cpp:1235
Event: 2.405 Thread 0x000000000a498000 Implicit null exception at 0x0000000002653c23 to 0x0000000002653fb1
Event: 2.654 Thread 0x0000000001f2e000 Implicit null exception at 0x000000000268ec8e to 0x000000000268facd
Event: 2.665 Thread 0x0000000001f2e000 Implicit null exception at 0x0000000002678f3f to 0x0000000002679635

Events (10 events):
Event: 2.654 Thread 0x0000000001f2e000 DEOPT PACKING pc=0x000000000268fafc sp=0x00000000023ce420
Event: 2.654 Thread 0x0000000001f2e000 DEOPT UNPACKING pc=0x0000000002609164 sp=0x00000000023ce348 mode 2
Event: 2.665 Thread 0x0000000001f2e000 DEOPT PACKING pc=0x0000000002679644 sp=0x00000000023ce8e0
Event: 2.665 Thread 0x0000000001f2e000 DEOPT UNPACKING pc=0x0000000002609164 sp=0x00000000023ce800 mode 2
Event: 2.804 Thread 0x0000000001f2e000 DEOPT PACKING pc=0x00000000026998b8 sp=0x00000000023ce280
Event: 2.804 Thread 0x0000000001f2e000 DEOPT UNPACKING pc=0x0000000002609164 sp=0x00000000023ce1f8 mode 2
Event: 2.805 Thread 0x0000000001f2e000 DEOPT PACKING pc=0x00000000026998b8 sp=0x00000000023ce280
Event: 2.805 Thread 0x0000000001f2e000 DEOPT UNPACKING pc=0x0000000002609164 sp=0x00000000023ce1f8 mode 2
Event: 2.805 Thread 0x0000000001f2e000 DEOPT PACKING pc=0x00000000026998b8 sp=0x00000000023ce280
Event: 2.805 Thread 0x0000000001f2e000 DEOPT UNPACKING pc=0x0000000002609164 sp=0x00000000023ce1f8 mode 2


Dynamic libraries:
0x00007ff6bf160000 - 0x00007ff6bf193000 	C:\Program Files\Java\jdk1.7.0_25\bin\java.exe
0x00007ff8807c0000 - 0x00007ff880981000 	C:\WINDOWS\SYSTEM32\ntdll.dll
0x00007ff87e570000 - 0x00007ff87e61d000 	C:\WINDOWS\system32\KERNEL32.DLL
0x00007ff87d900000 - 0x00007ff87dae8000 	C:\WINDOWS\system32\KERNELBASE.dll
0x00007ff87e360000 - 0x00007ff87e407000 	C:\WINDOWS\system32\ADVAPI32.dll
0x00007ff87e410000 - 0x00007ff87e4ad000 	C:\WINDOWS\system32\msvcrt.dll
0x00007ff87de30000 - 0x00007ff87de8b000 	C:\WINDOWS\system32\sechost.dll
0x00007ff87eb70000 - 0x00007ff87ec8c000 	C:\WINDOWS\system32\RPCRT4.dll
0x00007ff87e620000 - 0x00007ff87e776000 	C:\WINDOWS\system32\USER32.dll
0x00007ff87e9e0000 - 0x00007ff87eb66000 	C:\WINDOWS\system32\GDI32.dll
0x00007ff86e400000 - 0x00007ff86e674000 	C:\WINDOWS\WinSxS\amd64_microsoft.windows.common-controls_6595b64144ccf1df_6.0.10586.0_none_8c15ae12515e1c22\COMCTL32.dll
0x00007ff880520000 - 0x00007ff88079d000 	C:\WINDOWS\system32\combase.dll
0x00007ff87d890000 - 0x00007ff87d8fa000 	C:\WINDOWS\system32\bcryptPrimitives.dll
0x00007ff87ee70000 - 0x00007ff87eeab000 	C:\WINDOWS\system32\IMM32.DLL
0x0000000055b50000 - 0x0000000055c21000 	C:\Program Files\Java\jdk1.7.0_25\jre\bin\msvcr100.dll
0x00000000564c0000 - 0x0000000056bcf000 	C:\Program Files\Java\jdk1.7.0_25\jre\bin\server\jvm.dll
0x00007ff8807a0000 - 0x00007ff8807a8000 	C:\WINDOWS\system32\PSAPI.DLL
0x00007ff872390000 - 0x00007ff872399000 	C:\WINDOWS\SYSTEM32\WSOCK32.dll
0x00007ff87dc70000 - 0x00007ff87dcdb000 	C:\WINDOWS\system32\WS2_32.dll
0x00007ff87b770000 - 0x00007ff87b793000 	C:\WINDOWS\SYSTEM32\WINMM.dll
0x00007ff87b660000 - 0x00007ff87b68c000 	C:\WINDOWS\SYSTEM32\WINMMBASE.dll
0x00007ff87d790000 - 0x00007ff87d7d3000 	C:\WINDOWS\system32\cfgmgr32.dll
0x00000000564b0000 - 0x00000000564bf000 	C:\Program Files\Java\jdk1.7.0_25\jre\bin\verify.dll
0x0000000056480000 - 0x00000000564a8000 	C:\Program Files\Java\jdk1.7.0_25\jre\bin\java.dll
0x0000000056460000 - 0x0000000056475000 	C:\Program Files\Java\jdk1.7.0_25\jre\bin\zip.dll
0x0000000056440000 - 0x0000000056459000 	C:\Program Files\Java\jdk1.7.0_25\jre\bin\net.dll
0x00007ff87c690000 - 0x00007ff87c6ec000 	C:\WINDOWS\system32\mswsock.dll
0x0000000056420000 - 0x0000000056431000 	C:\Program Files\Java\jdk1.7.0_25\jre\bin\nio.dll

VM Arguments:
jvm_args: -Djava.awt.headless=true -Xmx1024M -Dfile.encoding=GBK -Duser.country=GB -Duser.language=en -Duser.variant 
java_command: com.android.dx.command.Main --dex --force-jumbo --num-threads=4 --multi-dex --output D:\src\Health\app\build\intermediates\transforms\dex\debug\folders\1000\10\com.google.android.gms-play-services-plus-8.4.0_e77f188f3b1b3eb7eef5ed97f77d7701d8a2b82c D:\src\Health\app\build\intermediates\exploded-aar\com.google.android.gms\play-services-plus\8.4.0\jars\classes.jar
Launcher Type: SUN_STANDARD

Environment Variables:
JAVA_HOME=C:\Program Files\Java\jdk1.7.0_25
CLASSPATH=TALINA_HOME1b;.;C:\Program Files\Java\jdk1.7.0_25\lib;C:\Program Files\Java\jdk1.7.0_25\jre8\lib\tools.jar;D:\Program Files (x86)\apache-tomcat-8.0.21\lib\servlet-api.jar
PATH=C:\Program Files (x86)\PC Connectivity Solution\;C:\WINDOWS\system32;C:\WINDOWS;C:\WINDOWS\System32\Wbem;C:\WINDOWS\System32\WindowsPowerShell\v1.0\;C:\Program Files\Java\jdk1.7.0_25\bin;C:\Program Files\Java\jdk1.7.0_25\jre8\bin;;D:\Program Files\MATLAB\R2014b\runtime\win64;D:\Program Files\MATLAB\R2014b\bin;D:\Program Files (x86)\apache-tomcat-8.0.21\bin;C:\Python27\Scripts;C:\Program Files\nodejs\;;C:\Program Files (x86)\ATI Technologies\ATI.ACE\Core-Static;C:\Program Files (x86)\MySQL\MySQL Fabric 1.5 & MySQL Utilities 1.5\;C:\Program Files (x86)\MySQL\MySQL Fabric 1.5 & MySQL Utilities 1.5\Doctrine extensions for PHP\;C:\Program Files (x86)\Windows Kits\8.1\Windows Performance Toolkit\;C:\Program Files\Microsoft SQL Server\110\Tools\Binn\;C:\Users\hp\AppData\Roaming\npm;C:\Program Files\MySQL\MySQL Server 5.7\bin
USERNAME=hp
OS=Windows_NT
PROCESSOR_IDENTIFIER=Intel64 Family 6 Model 42 Stepping 7, GenuineIntel



---------------  S Y S T E M  ---------------

OS: Windows 8 , 64 bit Build 9200 

CPU:total 4 (4 cores per cpu, 1 threads per core) family 6 model 42 stepping 7, cmov, cx8, fxsr, mmx, sse, sse2, sse3, ssse3, sse4.1, sse4.2, popcnt, avx, tsc, tscinvbit

Memory: 4k page, physical 16734324k(3258240k free), swap 16734324k(6380k free)

vm_info: Java HotSpot(TM) 64-Bit Server VM (23.25-b01) for windows-amd64 JRE (1.7.0_25-b17), built on Jun 21 2013 12:58:32 by "java_re" with unknown MS VC++:1600

