#
# There is insufficient memory for the Java Runtime Environment to continue.
# Native memory allocation (malloc) failed to allocate 277296 bytes for Chunk::new
# Possible reasons:
#   The system is out of physical RAM or swap space
#   In 32 bit mode, the process size limit was hit
# Possible solutions:
#   Reduce memory load on the system
#   Increase physical memory or swap space
#   Check if swap backing store is full
#   Use 64 bit Java on a 64 bit OS
#   Decrease Java heap size (-Xmx/-Xms)
#   Decrease number of Java threads
#   Decrease Java thread stack sizes (-Xss)
#   Set larger code cache with -XX:ReservedCodeCacheSize=
# This output file may be truncated or incomplete.
#
#  Out of Memory Error (allocation.cpp:328), pid=73072, tid=73696
#
# JRE version: 7.0_25-b17
# Java VM: Java HotSpot(TM) 64-Bit Server VM (23.25-b01 mixed mode windows-amd64 compressed oops)
# Failed to write core dump. Minidumps are not enabled by default on client versions of Windows
#

---------------  T H R E A D  ---------------

Current thread (0x0000000008a87000):  JavaThread "C2 CompilerThread0" daemon [_thread_in_native, id=73696, stack(0x000000000a030000,0x000000000a130000)]

Stack: [0x000000000a030000,0x000000000a130000]

Current CompileTask:
C2:    980   99             java.util.TreeMap::put (247 bytes)


---------------  P R O C E S S  ---------------

Java Threads: ( => current thread )
  0x000000000a54d000 JavaThread "pool-2-thread-4" [_thread_new, id=69100, stack(0x0000000000000000,0x0000000000000000)]
  0x000000000a4ac800 JavaThread "pool-2-thread-3" [_thread_in_Java, id=73604, stack(0x000000000ab30000,0x000000000ac30000)]
  0x000000000a556800 JavaThread "pool-2-thread-2" [_thread_in_Java, id=63212, stack(0x000000000aa30000,0x000000000ab30000)]
  0x000000000a555800 JavaThread "pool-3-thread-1" [_thread_blocked, id=72980, stack(0x000000000a930000,0x000000000aa30000)]
  0x000000000a4d5800 JavaThread "pool-2-thread-1" [_thread_in_Java, id=73476, stack(0x000000000a830000,0x000000000a930000)]
  0x0000000008a98000 JavaThread "Service Thread" daemon [_thread_blocked, id=71316, stack(0x000000000a230000,0x000000000a330000)]
  0x0000000008a89000 JavaThread "C2 CompilerThread1" daemon [_thread_in_native, id=40668, stack(0x000000000a130000,0x000000000a230000)]
=>0x0000000008a87000 JavaThread "C2 CompilerThread0" daemon [_thread_in_native, id=73696, stack(0x000000000a030000,0x000000000a130000)]
  0x0000000008a86000 JavaThread "Attach Listener" daemon [_thread_blocked, id=8336, stack(0x0000000009f30000,0x000000000a030000)]
  0x0000000008a83000 JavaThread "Signal Dispatcher" daemon [_thread_blocked, id=71976, stack(0x0000000009e30000,0x0000000009f30000)]
  0x00000000089f3800 JavaThread "Finalizer" daemon [_thread_blocked, id=71016, stack(0x0000000009d30000,0x0000000009e30000)]
  0x00000000089f0000 JavaThread "Reference Handler" daemon [_thread_blocked, id=72940, stack(0x0000000009c30000,0x0000000009d30000)]
  0x000000000248e000 JavaThread "main" [_thread_in_Java, id=73076, stack(0x0000000002320000,0x0000000002420000)]

Other Threads:
  0x00000000089e6800 VMThread [stack: 0x0000000009b30000,0x0000000009c30000] [id=73248]
  0x0000000008aae000 WatcherThread [stack: 0x000000000a330000,0x000000000a430000] [id=73720]

VM state:not at safepoint (normal execution)

VM Mutex/Monitor currently owned by a thread: None

Heap
 PSYoungGen      total 76288K, used 19641K [0x00000000eaab0000, 0x00000000effd0000, 0x0000000100000000)
  eden space 65408K, 30% used [0x00000000eaab0000,0x00000000ebdde708,0x00000000eea90000)
  from space 10880K, 0% used [0x00000000ef530000,0x00000000ef530000,0x00000000effd0000)
  to   space 10880K, 0% used [0x00000000eea90000,0x00000000eea90000,0x00000000ef530000)
 ParOldGen       total 174336K, used 0K [0x00000000c0000000, 0x00000000caa40000, 0x00000000eaab0000)
  object space 174336K, 0% used [0x00000000c0000000,0x00000000c0000000,0x00000000caa40000)
 PSPermGen       total 21248K, used 5439K [0x00000000bae00000, 0x00000000bc2c0000, 0x00000000c0000000)
  object space 21248K, 25% used [0x00000000bae00000,0x00000000bb34fc30,0x00000000bc2c0000)

Card table byte_map: [0x0000000005650000,0x0000000005880000] byte_map_base: 0x0000000005079000

Polling page: 0x00000000001f0000

Code Cache  [0x0000000002590000, 0x0000000002800000, 0x0000000005590000)
 total_blobs=325 nmethods=110 adapters=166 free_code_cache=48592Kb largest_free_block=49737472

Compilation events (10 events):
Event: 0.921 Thread 0x0000000008a87000   97             com.android.dx.ssa.SsaMethod::getBlocks (5 bytes)
Event: 0.921 Thread 0x0000000008a87000 nmethod 97 0x0000000002610390 code [0x00000000026104c0, 0x0000000002610518]
Event: 0.922 Thread 0x0000000008a89000   98             com.android.dx.rop.cst.CstNat::getName (5 bytes)
Event: 0.922 Thread 0x0000000008a87000   99             java.util.TreeMap::put (247 bytes)
Event: 0.922 Thread 0x0000000008a89000 nmethod 98 0x0000000002618c10 code [0x0000000002618d40, 0x0000000002618d98]
Event: 0.922 Thread 0x0000000008a89000  100             com.android.dx.ssa.SsaMethod::forEachInsn (36 bytes)
Event: 0.927 Thread 0x0000000008a89000 nmethod 100 0x0000000002616050 code [0x00000000026161e0, 0x0000000002616688]
Event: 0.931 Thread 0x0000000008a89000  101             com.android.dx.rop.code.RegisterSpec::getCategory (13 bytes)
Event: 0.931 Thread 0x0000000008a89000 nmethod 101 0x0000000002615d90 code [0x0000000002615ee0, 0x0000000002615f78]
Event: 0.932 Thread 0x0000000008a89000  102   !         com.android.dx.cf.cst.ConstantPoolParser::parse0 (731 bytes)

GC Heap History (0 events):
No events

Deoptimization events (2 events):
Event: 0.920 Thread 0x000000000a4ac800 Uncommon trap 52 fr.pc 0x0000000002605254
Event: 0.928 Thread 0x000000000a4ac800 Uncommon trap -34 fr.pc 0x0000000002616548

Internal exceptions (10 events):
Event: 0.390 Thread 0x000000000248e000 Threw 0x00000000eb2502e8 at C:\jdk7u2_64p\jdk7u25\hotspot\src\share\vm\prims\jvm.cpp:1235
Event: 0.391 Thread 0x000000000248e000 Threw 0x00000000eb2564e8 at C:\jdk7u2_64p\jdk7u25\hotspot\src\share\vm\prims\jvm.cpp:1235
Event: 0.391 Thread 0x000000000248e000 Threw 0x00000000eb25abb8 at C:\jdk7u2_64p\jdk7u25\hotspot\src\share\vm\prims\jvm.cpp:1235
Event: 0.392 Thread 0x000000000248e000 Threw 0x00000000eb635fd0 at C:\jdk7u2_64p\jdk7u25\hotspot\src\share\vm\prims\jvm.cpp:1235
Event: 0.392 Thread 0x000000000248e000 Threw 0x00000000eb63ec50 at C:\jdk7u2_64p\jdk7u25\hotspot\src\share\vm\prims\jvm.cpp:1235
Event: 0.393 Thread 0x000000000248e000 Threw 0x00000000eb644118 at C:\jdk7u2_64p\jdk7u25\hotspot\src\share\vm\prims\jvm.cpp:1235
Event: 0.393 Thread 0x000000000248e000 Threw 0x00000000eb6470c8 at C:\jdk7u2_64p\jdk7u25\hotspot\src\share\vm\prims\jvm.cpp:1235
Event: 0.393 Thread 0x000000000248e000 Threw 0x00000000eb64a960 at C:\jdk7u2_64p\jdk7u25\hotspot\src\share\vm\prims\jvm.cpp:1235
Event: 0.412 Thread 0x000000000248e000 Threw 0x00000000eb699558 at C:\jdk7u2_64p\jdk7u25\hotspot\src\share\vm\prims\jvm.cpp:1235
Event: 0.957 Thread 0x000000000248e000 Threw 0x00000000eb9a56b0 at C:\jdk7u2_64p\jdk7u25\hotspot\src\share\vm\prims\jvm.cpp:1235

Events (10 events):
Event: 0.920 Thread 0x000000000a4ac800 DEOPT PACKING pc=0x0000000002605254 sp=0x000000000ac2ee80
Event: 0.920 Thread 0x000000000a4ac800 DEOPT UNPACKING pc=0x00000000025c9164 sp=0x000000000ac2ed50 mode 2
Event: 0.928 loading class 0x00000000089ffb40
Event: 0.928 loading class 0x00000000089ffb40 done
Event: 0.928 loading class 0x0000000008a142d0
Event: 0.928 loading class 0x0000000008a142d0 done
Event: 0.928 Thread 0x000000000a4ac800 DEOPT PACKING pc=0x0000000002616548 sp=0x000000000ac2ee80
Event: 0.928 Thread 0x000000000a4ac800 DEOPT UNPACKING pc=0x00000000025c9164 sp=0x000000000ac2ed70 mode 2
Event: 0.957 loading class 0x000000000a4a8950
Event: 0.957 loading class 0x000000000a4a8950 done


Dynamic libraries:
0x00007ff6ae410000 - 0x00007ff6ae443000 	C:\Program Files\Java\jdk1.7.0_25\bin\java.exe
0x00007ffac94d0000 - 0x00007ffac9691000 	C:\WINDOWS\SYSTEM32\ntdll.dll
0x00007ffac73a0000 - 0x00007ffac744d000 	C:\WINDOWS\system32\KERNEL32.DLL
0x00007ffac5b60000 - 0x00007ffac5d48000 	C:\WINDOWS\system32\KERNELBASE.dll
0x00007ffac7a00000 - 0x00007ffac7aa7000 	C:\WINDOWS\system32\ADVAPI32.dll
0x00007ffac77a0000 - 0x00007ffac783d000 	C:\WINDOWS\system32\msvcrt.dll
0x00007ffac7840000 - 0x00007ffac789b000 	C:\WINDOWS\system32\sechost.dll
0x00007ffac7dd0000 - 0x00007ffac7eec000 	C:\WINDOWS\system32\RPCRT4.dll
0x00007ffac78a0000 - 0x00007ffac79f6000 	C:\WINDOWS\system32\USER32.dll
0x00007ffac7610000 - 0x00007ffac7796000 	C:\WINDOWS\system32\GDI32.dll
0x00007ffab8120000 - 0x00007ffab8394000 	C:\WINDOWS\WinSxS\amd64_microsoft.windows.common-controls_6595b64144ccf1df_6.0.10586.0_none_8c15ae12515e1c22\COMCTL32.dll
0x00007ffac6dd0000 - 0x00007ffac704d000 	C:\WINDOWS\system32\combase.dll
0x00007ffac6840000 - 0x00007ffac68aa000 	C:\WINDOWS\system32\bcryptPrimitives.dll
0x00007ffac7b80000 - 0x00007ffac7bbb000 	C:\WINDOWS\system32\IMM32.DLL
0x000000006dac0000 - 0x000000006db91000 	C:\Program Files\Java\jdk1.7.0_25\jre\bin\msvcr100.dll
0x000000006dec0000 - 0x000000006e5cf000 	C:\Program Files\Java\jdk1.7.0_25\jre\bin\server\jvm.dll
0x00007ffac9460000 - 0x00007ffac9468000 	C:\WINDOWS\system32\PSAPI.DLL
0x00007ffabbac0000 - 0x00007ffabbac9000 	C:\WINDOWS\SYSTEM32\WSOCK32.dll
0x00007ffac7ab0000 - 0x00007ffac7b1b000 	C:\WINDOWS\system32\WS2_32.dll
0x00007ffac3650000 - 0x00007ffac3673000 	C:\WINDOWS\SYSTEM32\WINMM.dll
0x00007ffac2a40000 - 0x00007ffac2a6c000 	C:\WINDOWS\SYSTEM32\WINMMBASE.dll
0x00007ffac6680000 - 0x00007ffac66c3000 	C:\WINDOWS\system32\cfgmgr32.dll
0x000000006e9d0000 - 0x000000006e9df000 	C:\Program Files\Java\jdk1.7.0_25\jre\bin\verify.dll
0x000000006e9a0000 - 0x000000006e9c8000 	C:\Program Files\Java\jdk1.7.0_25\jre\bin\java.dll
0x000000006e980000 - 0x000000006e995000 	C:\Program Files\Java\jdk1.7.0_25\jre\bin\zip.dll

VM Arguments:
jvm_args: -Djava.awt.headless=true -Xmx1024M -Dfile.encoding=GBK -Duser.country=GB -Duser.language=en -Duser.variant 
java_command: com.android.dx.command.Main --dex --force-jumbo --num-threads=4 --multi-dex --output D:\src\Health\app\build\intermediates\transforms\dex\debug\folders\1000\5\slice_3 D:\src\Health\app\build\intermediates\transforms\instantRunSlicer\debug\folders\1\5\slice_3
Launcher Type: SUN_STANDARD

Environment Variables:
JAVA_HOME=C:\Program Files\Java\jdk1.7.0_25
CLASSPATH=TALINA_HOME1b;.;C:\Program Files\Java\jdk1.7.0_25\lib;C:\Program Files\Java\jdk1.7.0_25\jre8\lib\tools.jar;D:\Program Files (x86)\apache-tomcat-8.0.21\lib\servlet-api.jar
PATH=C:\Program Files (x86)\PC Connectivity Solution\;C:\WINDOWS\system32;C:\WINDOWS;C:\WINDOWS\System32\Wbem;C:\WINDOWS\System32\WindowsPowerShell\v1.0\;C:\Program Files\Java\jdk1.7.0_25\bin;C:\Program Files\Java\jdk1.7.0_25\jre8\bin;;D:\Program Files\MATLAB\R2014b\runtime\win64;D:\Program Files\MATLAB\R2014b\bin;D:\Program Files (x86)\apache-tomcat-8.0.21\bin;C:\Python27\Scripts;C:\Program Files\nodejs\;;C:\Program Files (x86)\ATI Technologies\ATI.ACE\Core-Static;C:\Program Files (x86)\MySQL\MySQL Fabric 1.5 & MySQL Utilities 1.5\;C:\Program Files (x86)\MySQL\MySQL Fabric 1.5 & MySQL Utilities 1.5\Doctrine extensions for PHP\;C:\Program Files (x86)\Windows Kits\8.1\Windows Performance Toolkit\;C:\Program Files\Microsoft SQL Server\110\Tools\Binn\;C:\Users\hp\AppData\Roaming\npm;C:\Program Files\MySQL\MySQL Server 5.7\bin
USERNAME=hp
OS=Windows_NT
PROCESSOR_IDENTIFIER=Intel64 Family 6 Model 42 Stepping 7, GenuineIntel



---------------  S Y S T E M  ---------------

OS: Windows 8 , 64 bit Build 9200 

CPU:total 4 (4 cores per cpu, 1 threads per core) family 6 model 42 stepping 7, cmov, cx8, fxsr, mmx, sse, sse2, sse3, ssse3, sse4.1, sse4.2, popcnt, avx, tsc, tscinvbit

Memory: 4k page, physical 16734324k(3724520k free), swap 16734324k(5932k free)

vm_info: Java HotSpot(TM) 64-Bit Server VM (23.25-b01) for windows-amd64 JRE (1.7.0_25-b17), built on Jun 21 2013 12:58:32 by "java_re" with unknown MS VC++:1600

time: Sun Apr 24 15:56:48 2016
elapsed time: 1 seconds

