#
# There is insufficient memory for the Java Runtime Environment to continue.
# Native memory allocation (malloc) failed to allocate 604336 bytes for Chunk::new
# Possible reasons:
#   The system is out of physical RAM or swap space
#   In 32 bit mode, the process size limit was hit
# Possible solutions:
#   Reduce memory load on the system
#   Increase physical memory or swap space
#   Check if swap backing store is full
#   Use 64 bit Java on a 64 bit OS
#   Decrease Java heap size (-Xmx/-Xms)
#   Decrease number of Java threads
#   Decrease Java thread stack sizes (-Xss)
#   Set larger code cache with -XX:ReservedCodeCacheSize=
# This output file may be truncated or incomplete.
#
#  Out of Memory Error (allocation.cpp:328), pid=84600, tid=85144
#
# JRE version: 7.0_25-b17
# Java VM: Java HotSpot(TM) 64-Bit Server VM (23.25-b01 mixed mode windows-amd64 compressed oops)
# Failed to write core dump. Minidumps are not enabled by default on client versions of Windows
#

---------------  T H R E A D  ---------------

Current thread (0x0000000008be7000):  JavaThread "C2 CompilerThread0" daemon [_thread_in_native, id=85144, stack(0x000000000a170000,0x000000000a270000)]

Stack: [0x000000000a170000,0x000000000a270000]

Current CompileTask:
C2:   1209  163             com.android.dx.ssa.Dominators::run (506 bytes)


---------------  P R O C E S S  ---------------

Java Threads: ( => current thread )
  0x000000000a65a800 JavaThread "pool-2-thread-4" [_thread_blocked, id=90576, stack(0x000000000ad70000,0x000000000ae70000)]
  0x000000000a64f800 JavaThread "pool-2-thread-3" [_thread_in_Java, id=90500, stack(0x000000000ac70000,0x000000000ad70000)]
  0x000000000a5f4800 JavaThread "pool-2-thread-2" [_thread_in_Java, id=90532, stack(0x000000000ab70000,0x000000000ac70000)]
  0x000000000a61b800 JavaThread "pool-3-thread-1" [_thread_blocked, id=90484, stack(0x000000000aa70000,0x000000000ab70000)]
  0x000000000a5de800 JavaThread "pool-2-thread-1" [_thread_in_vm, id=90480, stack(0x000000000a970000,0x000000000aa70000)]
  0x0000000008bf4000 JavaThread "Service Thread" daemon [_thread_blocked, id=90344, stack(0x000000000a370000,0x000000000a470000)]
  0x0000000008bf1000 JavaThread "C2 CompilerThread1" daemon [_thread_in_native, id=90372, stack(0x000000000a270000,0x000000000a370000)]
=>0x0000000008be7000 JavaThread "C2 CompilerThread0" daemon [_thread_in_native, id=85144, stack(0x000000000a170000,0x000000000a270000)]
  0x0000000008be6000 JavaThread "Attach Listener" daemon [_thread_blocked, id=81308, stack(0x000000000a070000,0x000000000a170000)]
  0x0000000008be3000 JavaThread "Signal Dispatcher" daemon [_thread_blocked, id=88592, stack(0x0000000009f70000,0x000000000a070000)]
  0x0000000008b53800 JavaThread "Finalizer" daemon [_thread_blocked, id=4128, stack(0x0000000009e70000,0x0000000009f70000)]
  0x0000000008b50000 JavaThread "Reference Handler" daemon [_thread_blocked, id=88344, stack(0x0000000009d70000,0x0000000009e70000)]
  0x00000000022de000 JavaThread "main" [_thread_blocked, id=90180, stack(0x0000000002170000,0x0000000002270000)]

Other Threads:
  0x0000000008b46800 VMThread [stack: 0x0000000009c70000,0x0000000009d70000] [id=90140]
  0x0000000008c43800 WatcherThread [stack: 0x000000000a470000,0x000000000a570000] [id=90320]

VM state:not at safepoint (normal execution)

VM Mutex/Monitor currently owned by a thread: None

Heap
 PSYoungGen      total 76288K, used 23840K [0x00000000eaab0000, 0x00000000effd0000, 0x0000000100000000)
  eden space 65408K, 36% used [0x00000000eaab0000,0x00000000ec1f83a0,0x00000000eea90000)
  from space 10880K, 0% used [0x00000000ef530000,0x00000000ef530000,0x00000000effd0000)
  to   space 10880K, 0% used [0x00000000eea90000,0x00000000eea90000,0x00000000ef530000)
 ParOldGen       total 174336K, used 0K [0x00000000c0000000, 0x00000000caa40000, 0x00000000eaab0000)
  object space 174336K, 0% used [0x00000000c0000000,0x00000000c0000000,0x00000000caa40000)
 PSPermGen       total 21248K, used 5475K [0x00000000bae00000, 0x00000000bc2c0000, 0x00000000c0000000)
  object space 21248K, 25% used [0x00000000bae00000,0x00000000bb358ef8,0x00000000bc2c0000)

Card table byte_map: [0x00000000057b0000,0x00000000059e0000] byte_map_base: 0x00000000051d9000

Polling page: 0x00000000001f0000

Code Cache  [0x00000000027b0000, 0x0000000002a20000, 0x00000000057b0000)
 total_blobs=377 nmethods=162 adapters=166 free_code_cache=48517Kb largest_free_block=49657920

Compilation events (10 events):
Event: 1.189 Thread 0x0000000008be7000 nmethod 158 0x0000000002847b10 code [0x0000000002847c60, 0x0000000002847ed8]
Event: 1.189 Thread 0x0000000008be7000  159             java.util.Vector::elementData (7 bytes)
Event: 1.189 Thread 0x0000000008be7000 nmethod 159 0x0000000002847890 code [0x00000000028479c0, 0x0000000002847a58]
Event: 1.189 Thread 0x0000000008be7000  160  s          java.util.Stack::peek (25 bytes)
Event: 1.190 Thread 0x0000000008be7000 nmethod 160 0x0000000002847310 code [0x0000000002847460, 0x00000000028476f8]
Event: 1.190 Thread 0x0000000008be7000  161  s          java.util.Vector::removeElementAt (115 bytes)
Event: 1.192 Thread 0x0000000008be7000 nmethod 161 0x000000000284f390 code [0x000000000284f4e0, 0x000000000284f8f8]
Event: 1.192 Thread 0x0000000008be7000  162  s          java.util.Stack::pop (19 bytes)
Event: 1.195 Thread 0x0000000008be7000 nmethod 162 0x000000000284ec10 code [0x000000000284ed60, 0x000000000284f128]
Event: 1.195 Thread 0x0000000008be7000  163             com.android.dx.ssa.Dominators::run (506 bytes)

GC Heap History (0 events):
No events

Deoptimization events (2 events):
Event: 0.706 Thread 0x000000000a64f800 Uncommon trap -12 fr.pc 0x000000000281a9ec
Event: 0.851 Thread 0x000000000a5de800 Uncommon trap -83 fr.pc 0x000000000282d644

Internal exceptions (10 events):
Event: 0.588 Thread 0x000000000a5f4800 Threw 0x00000000eb52e758 at C:\jdk7u2_64p\jdk7u25\hotspot\src\share\vm\prims\jvm.cpp:1235
Event: 0.590 Thread 0x000000000a5de800 Threw 0x00000000eb299130 at C:\jdk7u2_64p\jdk7u25\hotspot\src\share\vm\prims\jvm.cpp:1235
Event: 0.590 Thread 0x000000000a5de800 Threw 0x00000000eb29f130 at C:\jdk7u2_64p\jdk7u25\hotspot\src\share\vm\prims\jvm.cpp:1235
Event: 0.591 Thread 0x000000000a5f4800 Threw 0x00000000eb53b570 at C:\jdk7u2_64p\jdk7u25\hotspot\src\share\vm\prims\jvm.cpp:1235
Event: 0.591 Thread 0x000000000a5f4800 Threw 0x00000000eb540d50 at C:\jdk7u2_64p\jdk7u25\hotspot\src\share\vm\prims\jvm.cpp:1235
Event: 0.592 Thread 0x000000000a5f4800 Threw 0x00000000eb5497d0 at C:\jdk7u2_64p\jdk7u25\hotspot\src\share\vm\prims\jvm.cpp:1235
Event: 0.592 Thread 0x000000000a5f4800 Threw 0x00000000eb54ea98 at C:\jdk7u2_64p\jdk7u25\hotspot\src\share\vm\prims\jvm.cpp:1235
Event: 0.593 Thread 0x000000000a5f4800 Threw 0x00000000eb551848 at C:\jdk7u2_64p\jdk7u25\hotspot\src\share\vm\prims\jvm.cpp:1235
Event: 0.594 Thread 0x00000000022de000 Threw 0x00000000eb69a068 at C:\jdk7u2_64p\jdk7u25\hotspot\src\share\vm\prims\jvm.cpp:1235
Event: 0.715 Thread 0x000000000a5f4800 Threw 0x00000000eb63d4c8 at C:\jdk7u2_64p\jdk7u25\hotspot\src\share\vm\prims\jvm.cpp:1235

Events (10 events):
Event: 0.715 loading class 0x0000000008c7d4f0
Event: 0.715 loading class 0x0000000008c7d4f0 done
Event: 0.716 loading class 0x0000000008a9d270
Event: 0.717 loading class 0x0000000008a9d270 done
Event: 0.717 loading class 0x0000000008b5cd80
Event: 0.717 loading class 0x0000000008b5cd80 done
Event: 0.851 Thread 0x000000000a5de800 DEOPT PACKING pc=0x000000000282d644 sp=0x000000000aa6e600
Event: 0.851 Thread 0x000000000a5de800 DEOPT UNPACKING pc=0x00000000027e9164 sp=0x000000000aa6e5a0 mode 2
Event: 0.890 loading class 0x0000000008a9b350
Event: 0.890 loading class 0x0000000008a9b350 done


Dynamic libraries:
0x00007ff6ae410000 - 0x00007ff6ae443000 	C:\Program Files\Java\jdk1.7.0_25\bin\java.exe
0x00007ffac94d0000 - 0x00007ffac9691000 	C:\WINDOWS\SYSTEM32\ntdll.dll
0x00007ffac73a0000 - 0x00007ffac744d000 	C:\WINDOWS\system32\KERNEL32.DLL
0x00007ffac5b60000 - 0x00007ffac5d48000 	C:\WINDOWS\system32\KERNELBASE.dll
0x00007ffac7a00000 - 0x00007ffac7aa7000 	C:\WINDOWS\system32\ADVAPI32.dll
0x00007ffac77a0000 - 0x00007ffac783d000 	C:\WINDOWS\system32\msvcrt.dll
0x00007ffac7840000 - 0x00007ffac789b000 	C:\WINDOWS\system32\sechost.dll
0x00007ffac7dd0000 - 0x00007ffac7eec000 	C:\WINDOWS\system32\RPCRT4.dll
0x00007ffac78a0000 - 0x00007ffac79f6000 	C:\WINDOWS\system32\USER32.dll
0x00007ffac7610000 - 0x00007ffac7796000 	C:\WINDOWS\system32\GDI32.dll
0x00007ffab8120000 - 0x00007ffab8394000 	C:\WINDOWS\WinSxS\amd64_microsoft.windows.common-controls_6595b64144ccf1df_6.0.10586.0_none_8c15ae12515e1c22\COMCTL32.dll
0x00007ffac6dd0000 - 0x00007ffac704d000 	C:\WINDOWS\system32\combase.dll
0x00007ffac6840000 - 0x00007ffac68aa000 	C:\WINDOWS\system32\bcryptPrimitives.dll
0x00007ffac7b80000 - 0x00007ffac7bbb000 	C:\WINDOWS\system32\IMM32.DLL
0x000000006dac0000 - 0x000000006db91000 	C:\Program Files\Java\jdk1.7.0_25\jre\bin\msvcr100.dll
0x000000006dec0000 - 0x000000006e5cf000 	C:\Program Files\Java\jdk1.7.0_25\jre\bin\server\jvm.dll
0x00007ffac9460000 - 0x00007ffac9468000 	C:\WINDOWS\system32\PSAPI.DLL
0x00007ffabbac0000 - 0x00007ffabbac9000 	C:\WINDOWS\SYSTEM32\WSOCK32.dll
0x00007ffac7ab0000 - 0x00007ffac7b1b000 	C:\WINDOWS\system32\WS2_32.dll
0x00007ffac3650000 - 0x00007ffac3673000 	C:\WINDOWS\SYSTEM32\WINMM.dll
0x00007ffac2a40000 - 0x00007ffac2a6c000 	C:\WINDOWS\SYSTEM32\WINMMBASE.dll
0x00007ffac6680000 - 0x00007ffac66c3000 	C:\WINDOWS\system32\cfgmgr32.dll
0x000000006e9d0000 - 0x000000006e9df000 	C:\Program Files\Java\jdk1.7.0_25\jre\bin\verify.dll
0x000000006e9a0000 - 0x000000006e9c8000 	C:\Program Files\Java\jdk1.7.0_25\jre\bin\java.dll
0x000000006e980000 - 0x000000006e995000 	C:\Program Files\Java\jdk1.7.0_25\jre\bin\zip.dll

VM Arguments:
jvm_args: -Djava.awt.headless=true -Xmx1024M -Dfile.encoding=GBK -Duser.country=GB -Duser.language=en -Duser.variant 
java_command: com.android.dx.command.Main --dex --force-jumbo --num-threads=4 --multi-dex --output D:\src\Health\app\build\intermediates\transforms\dex\debug\folders\1000\5\slice_3 D:\src\Health\app\build\intermediates\transforms\instantRunSlicer\debug\folders\1\5\slice_3
Launcher Type: SUN_STANDARD

Environment Variables:
JAVA_HOME=C:\Program Files\Java\jdk1.7.0_25
CLASSPATH=TALINA_HOME1b;.;C:\Program Files\Java\jdk1.7.0_25\lib;C:\Program Files\Java\jdk1.7.0_25\jre8\lib\tools.jar;D:\Program Files (x86)\apache-tomcat-8.0.21\lib\servlet-api.jar
PATH=C:\Program Files (x86)\PC Connectivity Solution\;C:\WINDOWS\system32;C:\WINDOWS;C:\WINDOWS\System32\Wbem;C:\WINDOWS\System32\WindowsPowerShell\v1.0\;C:\Program Files\Java\jdk1.7.0_25\bin;C:\Program Files\Java\jdk1.7.0_25\jre8\bin;;D:\Program Files\MATLAB\R2014b\runtime\win64;D:\Program Files\MATLAB\R2014b\bin;D:\Program Files (x86)\apache-tomcat-8.0.21\bin;C:\Python27\Scripts;C:\Program Files\nodejs\;;C:\Program Files (x86)\ATI Technologies\ATI.ACE\Core-Static;C:\Program Files (x86)\MySQL\MySQL Fabric 1.5 & MySQL Utilities 1.5\;C:\Program Files (x86)\MySQL\MySQL Fabric 1.5 & MySQL Utilities 1.5\Doctrine extensions for PHP\;C:\Program Files (x86)\Windows Kits\8.1\Windows Performance Toolkit\;C:\Program Files\Microsoft SQL Server\110\Tools\Binn\;C:\Users\hp\AppData\Roaming\npm;C:\Program Files\MySQL\MySQL Server 5.7\bin
USERNAME=hp
