#
# There is insufficient memory for the Java Runtime Environment to continue.
# Native memory allocation (malloc) failed to allocate 236096 bytes for Chunk::new
# Possible reasons:
#   The system is out of physical RAM or swap space
#   In 32 bit mode, the process size limit was hit
# Possible solutions:
#   Reduce memory load on the system
#   Increase physical memory or swap space
#   Check if swap backing store is full
#   Use 64 bit Java on a 64 bit OS
#   Decrease Java heap size (-Xmx/-Xms)
#   Decrease number of Java threads
#   Decrease Java thread stack sizes (-Xss)
#   Set larger code cache with -XX:ReservedCodeCacheSize=
# This output file may be truncated or incomplete.
#
#  Out of Memory Error (allocation.cpp:328), pid=87340, tid=90328
#
# JRE version: 7.0_25-b17
# Java VM: Java HotSpot(TM) 64-Bit Server VM (23.25-b01 mixed mode windows-amd64 compressed oops)
# Failed to write core dump. Minidumps are not enabled by default on client versions of Windows
#

---------------  T H R E A D  ---------------

Current thread (0x0000000008a39000):  JavaThread "C2 CompilerThread1" daemon [_thread_in_native, id=90328, stack(0x000000000a0c0000,0x000000000a1c0000)]

Stack: [0x000000000a0c0000,0x000000000a1c0000]

Current CompileTask:
C2:   1305   94             com.android.dx.ssa.SsaMethod::computeReachability (131 bytes)


---------------  P R O C E S S  ---------------

Java Threads: ( => current thread )
  0x000000000a554000 JavaThread "pool-2-thread-4" [_thread_in_Java, id=90660, stack(0x000000000abc0000,0x000000000acc0000)]
  0x000000000a551000 JavaThread "pool-2-thread-3" [_thread_in_Java, id=90664, stack(0x000000000aac0000,0x000000000abc0000)]
  0x000000000a408000 JavaThread "pool-2-thread-2" [_thread_in_Java, id=90632, stack(0x000000000a9c0000,0x000000000aac0000)]
  0x000000000a5ef800 JavaThread "pool-3-thread-1" [_thread_blocked, id=90564, stack(0x000000000a8c0000,0x000000000a9c0000)]
  0x000000000a64e000 JavaThread "pool-2-thread-1" [_thread_in_Java, id=90492, stack(0x000000000a7c0000,0x000000000a8c0000)]
  0x0000000008a48000 JavaThread "Service Thread" daemon [_thread_blocked, id=90336, stack(0x000000000a1c0000,0x000000000a2c0000)]
=>0x0000000008a39000 JavaThread "C2 CompilerThread1" daemon [_thread_in_native, id=90328, stack(0x000000000a0c0000,0x000000000a1c0000)]
  0x0000000008a37000 JavaThread "C2 CompilerThread0" daemon [_thread_in_native, id=90400, stack(0x0000000009fc0000,0x000000000a0c0000)]
  0x0000000008a36000 JavaThread "Attach Listener" daemon [_thread_blocked, id=84596, stack(0x0000000009ec0000,0x0000000009fc0000)]
  0x0000000008a33000 JavaThread "Signal Dispatcher" daemon [_thread_blocked, id=89896, stack(0x0000000009dc0000,0x0000000009ec0000)]
  0x00000000089a8000 JavaThread "Finalizer" daemon [_thread_blocked, id=19016, stack(0x0000000009cc0000,0x0000000009dc0000)]
  0x000000000899f800 JavaThread "Reference Handler" daemon [_thread_blocked, id=84564, stack(0x0000000009bc0000,0x0000000009cc0000)]
  0x00000000024fe000 JavaThread "main" [_thread_in_Java, id=90124, stack(0x00000000023a0000,0x00000000024a0000)]

Other Threads:
  0x0000000008996800 VMThread [stack: 0x0000000009ac0000,0x0000000009bc0000] [id=69324]
  0x0000000008a93800 WatcherThread [stack: 0x000000000a2c0000,0x000000000a3c0000] [id=90340]

VM state:not at safepoint (normal execution)

VM Mutex/Monitor currently owned by a thread: None

Heap
 PSYoungGen      total 76288K, used 31450K [0x00000000eaab0000, 0x00000000effd0000, 0x0000000100000000)
  eden space 65408K, 48% used [0x00000000eaab0000,0x00000000ec966800,0x00000000eea90000)
  from space 10880K, 0% used [0x00000000ef530000,0x00000000ef530000,0x00000000effd0000)
  to   space 10880K, 0% used [0x00000000eea90000,0x00000000eea90000,0x00000000ef530000)
 ParOldGen       total 174336K, used 0K [0x00000000c0000000, 0x00000000caa40000, 0x00000000eaab0000)
  object space 174336K, 0% used [0x00000000c0000000,0x00000000c0000000,0x00000000caa40000)
 PSPermGen       total 21248K, used 5851K [0x00000000bae00000, 0x00000000bc2c0000, 0x00000000c0000000)
  object space 21248K, 27% used [0x00000000bae00000,0x00000000bb3b6dc0,0x00000000bc2c0000)

Card table byte_map: [0x0000000005600000,0x0000000005830000] byte_map_base: 0x0000000005029000

Polling page: 0x00000000001f0000

Code Cache  [0x0000000002600000, 0x0000000002870000, 0x0000000005600000)
 total_blobs=330 nmethods=93 adapters=188 free_code_cache=48632Kb largest_free_block=49769728

Compilation events (10 events):
Event: 1.296 Thread 0x0000000008a39000 nmethod 88 0x0000000002681f50 code [0x00000000026820a0, 0x0000000002682168]
Event: 1.296 Thread 0x0000000008a39000   91             java.util.ArrayList::iterator (10 bytes)
Event: 1.296 Thread 0x0000000008a37000 nmethod 90 0x0000000002681d10 code [0x0000000002681e40, 0x0000000002681eb8]
Event: 1.297 Thread 0x0000000008a37000   92             java.util.BitSet::set (58 bytes)
Event: 1.297 Thread 0x0000000008a39000 nmethod 91 0x0000000002681a50 code [0x0000000002681ba0, 0x0000000002681c58]
Event: 1.297 Thread 0x0000000008a39000   93             com.android.dx.rop.code.BasicBlockList::get (9 bytes)
Event: 1.298 Thread 0x0000000008a39000 nmethod 93 0x0000000002685f90 code [0x00000000026860e0, 0x0000000002686198]
Event: 1.298 Thread 0x0000000008a39000   94             com.android.dx.ssa.SsaMethod::computeReachability (131 bytes)
Event: 1.298 Thread 0x0000000008a37000 nmethod 92 0x0000000002685b50 code [0x0000000002685ca0, 0x0000000002685e08]
Event: 1.300 Thread 0x0000000008a37000   95             com.android.dx.rop.code.RopMethod::calcPredecessors (227 bytes)

GC Heap History (0 events):
No events

Deoptimization events (0 events):
No events

Internal exceptions (10 events):
Event: 0.854 Thread 0x00000000024fe000 Threw 0x00000000ec1bfbc8 at C:\jdk7u2_64p\jdk7u25\hotspot\src\share\vm\prims\jvm.cpp:1235
Event: 0.856 Thread 0x00000000024fe000 Threw 0x00000000ec1c8fa8 at C:\jdk7u2_64p\jdk7u25\hotspot\src\share\vm\prims\jvm.cpp:1235
Event: 0.861 Thread 0x000000000a64e000 Threw 0x00000000ebe5cc78 at C:\jdk7u2_64p\jdk7u25\hotspot\src\share\vm\prims\jvm.cpp:1235
Event: 0.866 Thread 0x000000000a64e000 Threw 0x00000000ebe740f0 at C:\jdk7u2_64p\jdk7u25\hotspot\src\share\vm\prims\jvm.cpp:1235
Event: 0.869 Thread 0x000000000a64e000 Threw 0x00000000ebe79900 at C:\jdk7u2_64p\jdk7u25\hotspot\src\share\vm\prims\jvm.cpp:1235
Event: 0.869 Thread 0x000000000a64e000 Threw 0x00000000ebe7ee00 at C:\jdk7u2_64p\jdk7u25\hotspot\src\share\vm\prims\jvm.cpp:1235
Event: 1.236 Thread 0x00000000024fe000 Threw 0x00000000ec250910 at C:\jdk7u2_64p\jdk7u25\hotspot\src\share\vm\prims\jvm.cpp:1235
Event: 1.237 Thread 0x00000000024fe000 Threw 0x00000000ec252ca0 at C:\jdk7u2_64p\jdk7u25\hotspot\src\share\vm\prims\jvm.cpp:1235
Event: 1.291 Thread 0x000000000a408000 Threw 0x00000000ec7164f8 at C:\jdk7u2_64p\jdk7u25\hotspot\src\share\vm\prims\jvm.cpp:1235
Event: 1.291 Thread 0x000000000a551000 Threw 0x00000000ec5dd998 at C:\jdk7u2_64p\jdk7u25\hotspot\src\share\vm\prims\jvm.cpp:1235

Events (10 events):
Event: 1.237 loading class 0x0000000008ac6350
Event: 1.237 loading class 0x0000000008ac6350 done
Event: 1.291 loading class 0x000000000a5ec230
Event: 1.291 loading class 0x000000000a5ec230 done
Event: 1.291 loading class 0x000000000a48ca90
Event: 1.291 loading class 0x000000000a48ca90 done
Event: 1.295 loading class 0x00000000088e9be0
Event: 1.295 loading class 0x00000000088e9be0 done
Event: 1.299 loading class 0x00000000089b8b10
Event: 1.299 loading class 0x00000000089b8b10 done


Dynamic libraries:
0x00007ff6ae410000 - 0x00007ff6ae443000 	C:\Program Files\Java\jdk1.7.0_25\bin\java.exe
0x00007ffac94d0000 - 0x00007ffac9691000 	C:\WINDOWS\SYSTEM32\ntdll.dll
0x00007ffac73a0000 - 0x00007ffac744d000 	C:\WINDOWS\system32\KERNEL32.DLL
0x00007ffac5b60000 - 0x00007ffac5d48000 	C:\WINDOWS\system32\KERNELBASE.dll
0x00007ffac7a00000 - 0x00007ffac7aa7000 	C:\WINDOWS\system32\ADVAPI32.dll
0x00007ffac77a0000 - 0x00007ffac783d000 	C:\WINDOWS\system32\msvcrt.dll
0x00007ffac7840000 - 0x00007ffac789b000 	C:\WINDOWS\system32\sechost.dll
0x00007ffac7dd0000 - 0x00007ffac7eec000 	C:\WINDOWS\system32\RPCRT4.dll
0x00007ffac78a0000 - 0x00007ffac79f6000 	C:\WINDOWS\system32\USER32.dll
0x00007ffac7610000 - 0x00007ffac7796000 	C:\WINDOWS\system32\GDI32.dll
0x00007ffab8120000 - 0x00007ffab8394000 	C:\WINDOWS\WinSxS\amd64_microsoft.windows.common-controls_6595b64144ccf1df_6.0.10586.0_none_8c15ae12515e1c22\COMCTL32.dll
0x00007ffac6dd0000 - 0x00007ffac704d000 	C:\WINDOWS\system32\combase.dll
0x00007ffac6840000 - 0x00007ffac68aa000 	C:\WINDOWS\system32\bcryptPrimitives.dll
0x00007ffac7b80000 - 0x00007ffac7bbb000 	C:\WINDOWS\system32\IMM32.DLL
0x000000006dac0000 - 0x000000006db91000 	C:\Program Files\Java\jdk1.7.0_25\jre\bin\msvcr100.dll
0x000000006dec0000 - 0x000000006e5cf000 	C:\Program Files\Java\jdk1.7.0_25\jre\bin\server\jvm.dll
0x00007ffac9460000 - 0x00007ffac9468000 	C:\WINDOWS\system32\PSAPI.DLL
0x00007ffabbac0000 - 0x00007ffabbac9000 	C:\WINDOWS\SYSTEM32\WSOCK32.dll
0x00007ffac7ab0000 - 0x00007ffac7b1b000 	C:\WINDOWS\system32\WS2_32.dll
0x00007ffac3650000 - 0x00007ffac3673000 	C:\WINDOWS\SYSTEM32\WINMM.dll
0x00007ffac2a40000 - 0x00007ffac2a6c000 	C:\WINDOWS\SYSTEM32\WINMMBASE.dll
0x00007ffac6680000 - 0x00007ffac66c3000 	C:\WINDOWS\system32\cfgmgr32.dll
0x000000006e9d0000 - 0x000000006e9df000 	C:\Program Files\Java\jdk1.7.0_25\jre\bin\verify.dll
0x000000006e9a0000 - 0x000000006e9c8000 	C:\Program Files\Java\jdk1.7.0_25\jre\bin\java.dll
0x000000006e980000 - 0x000000006e995000 	C:\Program Files\Java\jdk1.7.0_25\jre\bin\zip.dll
0x000000006e940000 - 0x000000006e959000 	C:\Program Files\Java\jdk1.7.0_25\jre\bin\net.dll
0x00007ffac53a0000 - 0x00007ffac53fc000 	C:\WINDOWS\system32\mswsock.dll
0x000000006e960000 - 0x000000006e971000 	C:\Program Files\Java\jdk1.7.0_25\jre\bin\nio.dll

VM Arguments:
jvm_args: -Djava.awt.headless=true -Xmx1024M -Dfile.encoding=GBK -Duser.country=GB -Duser.language=en -Duser.variant 
java_command: com.android.dx.command.Main --dex --force-jumbo --num-threads=4 --multi-dex --output D:\src\Health\app\build\intermediates\transforms\dex\debug\folders\1000\10\com.android.support-support-v4-23.2.1_9eab8cbb94bb941dce65b1d86efb68ca4ed46b85 D:\src\Health\app\build\intermediates\exploded-aar\com.android.support\support-v4\23.2.1\jars\classes.jar
Launcher Type: SUN_STANDARD

Environment Variables:
JAVA_HOME=C:\Program Files\Java\jdk1.7.0_25
CLASSPATH=TALINA_HOME1b;.;C:\Program Files\Java\jdk1.7.0_25\lib;C:\Program Files\Java\jdk1.7.0_25\jre8\lib\tools.jar;D:\Program Files (x86)\apache-tomcat-8.0.21\lib\servlet-api.jar
PATH=C:\Program Files (x86)\PC Connectivity Solution\;C:\WINDOWS\system32;C:\WINDOWS;C:\WINDOWS\System32\Wbem;C:\WINDOWS\System32\WindowsPowerShell\v1.0\;C:\Program Files\Java\jdk1.7.0_25\bin;C:\Program Files\Java\jdk1.7.0_25\jre8\bin;;D:\Program Files\MATLAB\R2014b\runtime\win64;D:\Program Files\MATLAB\R2014b\bin;D:\Program Files (x86)\apache-tomcat-8.0.21\bin;C:\Python27\Scripts;C:\Program Files\nodejs\;;C:\Program Files (x86)\ATI Technologies\ATI.ACE\Core-Static;C:\Program Files (x86)\MySQL\MySQL Fabric 1.5 & MySQL Utilities 1.5\;C:\Program Files (x86)\MySQL\MySQL Fabric 1.5 & MySQL Utilities 1.5\Doctrine extensions for PHP\;C:\Program Files (x86)\Windows Kits\8.1\Windows Performance Toolkit\;C:\Program Files\Microsoft SQL Server\110\Tools\Binn\;C:\Users\hp\AppData\Roaming\npm;C:\Program Files\MySQL\MySQL Server 5.7\bin
USERNAME=hp
OS=Windows_NT
PROCESSOR_IDENTIFIER=Intel64 Family 6 Model 42 Stepping 7, GenuineIntel



---------------  S Y S T E M  ---------------

OS: Windows 8 , 64 bit Build 9200 

CPU:total 4 (4 cores per cpu, 1 threads per core) family 6 model 42 stepping 7, cmov, cx8, fxsr, mmx, sse, sse2, sse3, ssse3, sse4.1, sse4.2, popcnt, avx, tsc, tscinvbit

Memory: 4k page, physical 16734324k(3535852k free), swap 16734324k(3572k free)

vm_info: Java HotSpot(TM) 64-Bit Server VM (23.25-b01) for windows-amd64 JRE (1.7.0_25-b17), built on Jun 21 2013 12:58:32 by "java_re" with unknown MS VC++:1600

time: Mon Apr 25 22:34:34 2016
elapsed time: 1 seconds

