#
# There is insufficient memory for the Java Runtime Environment to continue.
# Native memory allocation (malloc) failed to allocate 454976 bytes for Chunk::new
# Possible reasons:
#   The system is out of physical RAM or swap space
#   In 32 bit mode, the process size limit was hit
# Possible solutions:
#   Reduce memory load on the system
#   Increase physical memory or swap space
#   Check if swap backing store is full
#   Use 64 bit Java on a 64 bit OS
#   Decrease Java heap size (-Xmx/-Xms)
#   Decrease number of Java threads
#   Decrease Java thread stack sizes (-Xss)
#   Set larger code cache with -XX:ReservedCodeCacheSize=
# This output file may be truncated or incomplete.
#
#  Out of Memory Error (allocation.cpp:328), pid=70772, tid=67348
#
# JRE version: 7.0_25-b17
# Java VM: Java HotSpot(TM) 64-Bit Server VM (23.25-b01 mixed mode windows-amd64 compressed oops)
# Failed to write core dump. Minidumps are not enabled by default on client versions of Windows
#

---------------  T H R E A D  ---------------

Current thread (0x0000000008a59000):  JavaThread "C2 CompilerThread1" daemon [_thread_in_native, id=67348, stack(0x000000000a0e0000,0x000000000a1e0000)]

Stack: [0x000000000a0e0000,0x000000000a1e0000]

Current CompileTask:
C2:   1116  152             com.android.dx.ssa.SsaConverter::placePhiFunctions (394 bytes)


---------------  P R O C E S S  ---------------

Java Threads: ( => current thread )
  0x000000000a43c000 JavaThread "pool-3-thread-1" [_thread_blocked, id=15172, stack(0x000000000a8e0000,0x000000000a9e0000)]
  0x000000000a448000 JavaThread "pool-2-thread-1" [_thread_in_Java, id=73280, stack(0x000000000a7e0000,0x000000000a8e0000)]
  0x0000000008a6b000 JavaThread "Service Thread" daemon [_thread_blocked, id=72148, stack(0x000000000a1e0000,0x000000000a2e0000)]
=>0x0000000008a59000 JavaThread "C2 CompilerThread1" daemon [_thread_in_native, id=67348, stack(0x000000000a0e0000,0x000000000a1e0000)]
  0x0000000008a57000 JavaThread "C2 CompilerThread0" daemon [_thread_in_vm, id=70488, stack(0x0000000009fe0000,0x000000000a0e0000)]
  0x0000000008a56000 JavaThread "Attach Listener" daemon [_thread_blocked, id=51856, stack(0x0000000009ee0000,0x0000000009fe0000)]
  0x0000000008a53000 JavaThread "Signal Dispatcher" daemon [_thread_blocked, id=72960, stack(0x0000000009de0000,0x0000000009ee0000)]
  0x00000000089c9000 JavaThread "Finalizer" daemon [_thread_blocked, id=72776, stack(0x0000000009ce0000,0x0000000009de0000)]
  0x00000000089c0000 JavaThread "Reference Handler" daemon [_thread_blocked, id=72792, stack(0x0000000009be0000,0x0000000009ce0000)]
  0x000000000207e000 JavaThread "main" [_thread_blocked, id=73020, stack(0x0000000001f40000,0x0000000002040000)]

Other Threads:
  0x00000000089b6800 VMThread [stack: 0x0000000009ae0000,0x0000000009be0000] [id=73124]
  0x0000000008ab8800 WatcherThread [stack: 0x000000000a2e0000,0x000000000a3e0000] [id=72796]

VM state:not at safepoint (normal execution)

VM Mutex/Monitor currently owned by a thread: None

Heap
 PSYoungGen      total 76288K, used 23605K [0x00000000eaab0000, 0x00000000effd0000, 0x0000000100000000)
  eden space 65408K, 36% used [0x00000000eaab0000,0x00000000ec1bd468,0x00000000eea90000)
  from space 10880K, 0% used [0x00000000ef530000,0x00000000ef530000,0x00000000effd0000)
  to   space 10880K, 0% used [0x00000000eea90000,0x00000000eea90000,0x00000000ef530000)
 ParOldGen       total 174336K, used 0K [0x00000000c0000000, 0x00000000caa40000, 0x00000000eaab0000)
  object space 174336K, 0% used [0x00000000c0000000,0x00000000c0000000,0x00000000caa40000)
 PSPermGen       total 21248K, used 5450K [0x00000000bae00000, 0x00000000bc2c0000, 0x00000000c0000000)
  object space 21248K, 25% used [0x00000000bae00000,0x00000000bb3529a0,0x00000000bc2c0000)

Card table byte_map: [0x0000000005620000,0x0000000005850000] byte_map_base: 0x0000000005049000

Polling page: 0x00000000001f0000

Code Cache  [0x0000000002560000, 0x00000000027d0000, 0x0000000005560000)
 total_blobs=371 nmethods=157 adapters=165 free_code_cache=48545Kb largest_free_block=49680384

Compilation events (10 events):
Event: 1.109 Thread 0x0000000008a57000 nmethod 153 0x00000000025f4590 code [0x00000000025f46e0, 0x00000000025f4958]
Event: 1.109 Thread 0x0000000008a57000  154             java.util.Vector::elementData (7 bytes)
Event: 1.110 Thread 0x0000000008a57000 nmethod 154 0x00000000025f4250 code [0x00000000025f4380, 0x00000000025f4418]
Event: 1.110 Thread 0x0000000008a57000  155  s          java.util.Vector::add (39 bytes)
Event: 1.111 Thread 0x0000000008a57000 nmethod 155 0x00000000025fb310 code [0x00000000025fb460, 0x00000000025fb848]
Event: 1.111 Thread 0x0000000008a57000  156  s          java.util.Stack::peek (25 bytes)
Event: 1.112 Thread 0x0000000008a57000 nmethod 156 0x00000000025fad90 code [0x00000000025faee0, 0x00000000025fb178]
Event: 1.112 Thread 0x0000000008a57000  157  s          java.util.Stack::pop (19 bytes)
Event: 1.114 Thread 0x0000000008a57000 nmethod 157 0x00000000025fa690 code [0x00000000025fa7e0, 0x00000000025faad8]
Event: 1.114 Thread 0x0000000008a57000  158  s          java.util.Vector::removeElementAt (115 bytes)

GC Heap History (0 events):
No events

Deoptimization events (0 events):
No events

Internal exceptions (10 events):
Event: 0.469 Thread 0x000000000207e000 Threw 0x00000000eb332580 at C:\jdk7u2_64p\jdk7u25\hotspot\src\share\vm\prims\jvm.cpp:1235
Event: 0.470 Thread 0x000000000207e000 Threw 0x00000000eb338780 at C:\jdk7u2_64p\jdk7u25\hotspot\src\share\vm\prims\jvm.cpp:1235
Event: 0.470 Thread 0x000000000207e000 Threw 0x00000000eb33ce50 at C:\jdk7u2_64p\jdk7u25\hotspot\src\share\vm\prims\jvm.cpp:1235
Event: 0.470 Thread 0x000000000207e000 Threw 0x00000000eb342830 at C:\jdk7u2_64p\jdk7u25\hotspot\src\share\vm\prims\jvm.cpp:1235
Event: 0.471 Thread 0x000000000207e000 Threw 0x00000000eb34b4b0 at C:\jdk7u2_64p\jdk7u25\hotspot\src\share\vm\prims\jvm.cpp:1235
Event: 0.472 Thread 0x000000000207e000 Threw 0x00000000eb350978 at C:\jdk7u2_64p\jdk7u25\hotspot\src\share\vm\prims\jvm.cpp:1235
Event: 0.472 Thread 0x000000000207e000 Threw 0x00000000eb353c48 at C:\jdk7u2_64p\jdk7u25\hotspot\src\share\vm\prims\jvm.cpp:1235
Event: 0.472 Thread 0x000000000207e000 Threw 0x00000000eb35ab98 at C:\jdk7u2_64p\jdk7u25\hotspot\src\share\vm\prims\jvm.cpp:1235
Event: 0.477 Thread 0x000000000a448000 Threw 0x00000000eb5d5f70 at C:\jdk7u2_64p\jdk7u25\hotspot\src\share\vm\prims\jvm.cpp:1235
Event: 0.603 Thread 0x000000000a42a000 Threw 0x00000000eb41fe90 at C:\jdk7u2_64p\jdk7u25\hotspot\src\share\vm\prims\jvm.cpp:1235

Events (10 events):
Event: 0.606 loading class 0x00000000089d80d0 done
Event: 0.698 loading class 0x000000000890af60
Event: 0.698 loading class 0x000000000890af60 done
Event: 0.698 loading class 0x00000000089cdf70
Event: 0.698 loading class 0x00000000089cdf70 done
Event: 0.788 loading class 0x000000000890cfd0
Event: 0.788 loading class 0x000000000890cfd0 done
Event: 1.099 Thread 0x000000000a486800 Thread exited: 0x000000000a486800
Event: 1.103 Thread 0x000000000a42d000 Thread exited: 0x000000000a42d000
Event: 1.115 Thread 0x000000000a42a000 Thread exited: 0x000000000a42a000


Dynamic libraries:
0x00007ff6ae410000 - 0x00007ff6ae443000 	C:\Program Files\Java\jdk1.7.0_25\bin\java.exe
0x00007ffac94d0000 - 0x00007ffac9691000 	C:\WINDOWS\SYSTEM32\ntdll.dll
0x00007ffac73a0000 - 0x00007ffac744d000 	C:\WINDOWS\system32\KERNEL32.DLL
0x00007ffac5b60000 - 0x00007ffac5d48000 	C:\WINDOWS\system32\KERNELBASE.dll
0x00007ffac7a00000 - 0x00007ffac7aa7000 	C:\WINDOWS\system32\ADVAPI32.dll
0x00007ffac77a0000 - 0x00007ffac783d000 	C:\WINDOWS\system32\msvcrt.dll
0x00007ffac7840000 - 0x00007ffac789b000 	C:\WINDOWS\system32\sechost.dll
0x00007ffac7dd0000 - 0x00007ffac7eec000 	C:\WINDOWS\system32\RPCRT4.dll
0x00007ffac78a0000 - 0x00007ffac79f6000 	C:\WINDOWS\system32\USER32.dll
0x00007ffac7610000 - 0x00007ffac7796000 	C:\WINDOWS\system32\GDI32.dll
0x00007ffab8120000 - 0x00007ffab8394000 	C:\WINDOWS\WinSxS\amd64_microsoft.windows.common-controls_6595b64144ccf1df_6.0.10586.0_none_8c15ae12515e1c22\COMCTL32.dll
0x00007ffac6dd0000 - 0x00007ffac704d000 	C:\WINDOWS\system32\combase.dll
0x00007ffac6840000 - 0x00007ffac68aa000 	C:\WINDOWS\system32\bcryptPrimitives.dll
0x00007ffac7b80000 - 0x00007ffac7bbb000 	C:\WINDOWS\system32\IMM32.DLL
0x000000006dac0000 - 0x000000006db91000 	C:\Program Files\Java\jdk1.7.0_25\jre\bin\msvcr100.dll
0x000000006dec0000 - 0x000000006e5cf000 	C:\Program Files\Java\jdk1.7.0_25\jre\bin\server\jvm.dll
0x00007ffac9460000 - 0x00007ffac9468000 	C:\WINDOWS\system32\PSAPI.DLL
0x00007ffabbac0000 - 0x00007ffabbac9000 	C:\WINDOWS\SYSTEM32\WSOCK32.dll
0x00007ffac7ab0000 - 0x00007ffac7b1b000 	C:\WINDOWS\system32\WS2_32.dll
0x00007ffac3650000 - 0x00007ffac3673000 	C:\WINDOWS\SYSTEM32\WINMM.dll
0x00007ffac2a40000 - 0x00007ffac2a6c000 	C:\WINDOWS\SYSTEM32\WINMMBASE.dll
0x00007ffac6680000 - 0x00007ffac66c3000 	C:\WINDOWS\system32\cfgmgr32.dll
0x000000006e9d0000 - 0x000000006e9df000 	C:\Program Files\Java\jdk1.7.0_25\jre\bin\verify.dll
0x000000006e9a0000 - 0x000000006e9c8000 	C:\Program Files\Java\jdk1.7.0_25\jre\bin\java.dll
0x000000006e980000 - 0x000000006e995000 	C:\Program Files\Java\jdk1.7.0_25\jre\bin\zip.dll

VM Arguments:
jvm_args: -Djava.awt.headless=true -Xmx1024M -Dfile.encoding=GBK -Duser.country=GB -Duser.language=en -Duser.variant 
java_command: com.android.dx.command.Main --dex --force-jumbo --num-threads=4 --multi-dex --output D:\src\Health\app\build\intermediates\transforms\dex\debug\folders\1000\5\slice_2 D:\src\Health\app\build\intermediates\transforms\instantRunSlicer\debug\folders\1\5\slice_2
Launcher Type: SUN_STANDARD

Environment Variables:
JAVA_HOME=C:\Program Files\Java\jdk1.7.0_25
CLASSPATH=TALINA_HOME1b;.;C:\Program Files\Java\jdk1.7.0_25\lib;C:\Program Files\Java\jdk1.7.0_25\jre8\lib\tools.jar;D:\Program Files (x86)\apache-tomcat-8.0.21\lib\servlet-api.jar
PATH=C:\Program Files (x86)\PC Connectivity Solution\;C:\WINDOWS\system32;C:\WINDOWS;C:\WINDOWS\System32\Wbem;C:\WINDOWS\System32\WindowsPowerShell\v1.0\;C:\Program Files\Java\jdk1.7.0_25\bin;C:\Program Files\Java\jdk1.7.0_25\jre8\bin;;D:\Program Files\MATLAB\R2014b\runtime\win64;D:\Program Files\MATLAB\R2014b\bin;D:\Program Files (x86)\apache-tomcat-8.0.21\bin;C:\Python27\Scripts;C:\Program Files\nodejs\;;C:\Program Files (x86)\ATI Technologies\ATI.ACE\Core-Static;C:\Program Files (x86)\MySQL\MySQL Fabric 1.5 & MySQL Utilities 1.5\;C:\Program Files (x86)\MySQL\MySQL Fabric 1.5 & MySQL Utilities 1.5\Doctrine extensions for PHP\;C:\Program Files (x86)\Windows Kits\8.1\Windows Performance Toolkit\;C:\Program Files\Microsoft SQL Server\110\Tools\Binn\;C:\Users\hp\AppData\Roaming\npm;C:\Program Files\MySQL\MySQL Server 5.7\bin
USERNAME=hp
OS=Windows_NT
PROCESSOR_IDENTIFIER=Intel64 Family 6 Model 42 Stepping 7, GenuineIntel



---------------  S Y S T E M  ---------------

OS: Windows 8 , 64 bit Build 9200 

CPU:total 4 (4 cores per cpu, 1 threads per core) family 6 model 42 stepping 7, cmov, cx8, fxsr, mmx, sse, sse2, sse3, ssse3, sse4.1, sse4.2, popcnt, avx, tsc, tscinvbit

Memory: 4k page, physical 16734324k(3715488k free), swap 16734324k(5792k free)

vm_info: Java HotSpot(TM) 64-Bit Server VM (23.25-b01) for windows-amd64 JRE (1.7.0_25-b17), built on Jun 21 2013 12:58:32 by "java_re" with unknown MS VC++:1600

time: Sun Apr 24 15:56:48 2016
elapsed time: 1 seconds

