#
# There is insufficient memory for the Java Runtime Environment to continue.
# Native memory allocation (malloc) failed to allocate 792016 bytes for Chunk::new
# Possible reasons:
#   The system is out of physical RAM or swap space
#   In 32 bit mode, the process size limit was hit
# Possible solutions:
#   Reduce memory load on the system
#   Increase physical memory or swap space
#   Check if swap backing store is full
#   Use 64 bit Java on a 64 bit OS
#   Decrease Java heap size (-Xmx/-Xms)
#   Decrease number of Java threads
#   Decrease Java thread stack sizes (-Xss)
#   Set larger code cache with -XX:ReservedCodeCacheSize=
# This output file may be truncated or incomplete.
#
#  Out of Memory Error (allocation.cpp:328), pid=72664, tid=80192
#
# JRE version: 7.0_25-b17
# Java VM: Java HotSpot(TM) 64-Bit Server VM (23.25-b01 mixed mode windows-amd64 compressed oops)
# Failed to write core dump. Minidumps are not enabled by default on client versions of Windows
#

---------------  T H R E A D  ---------------

Current thread (0x0000000008ae7000):  JavaThread "C2 CompilerThread0" daemon [_thread_in_native, id=80192, stack(0x000000000a070000,0x000000000a170000)]

Stack: [0x000000000a070000,0x000000000a170000]

Current CompileTask:
C2:   2155  210             com.android.dx.ssa.SCCP::run (298 bytes)


---------------  P R O C E S S  ---------------

Java Threads: ( => current thread )
  0x000000000a5e2000 JavaThread "pool-2-thread-4" [_thread_in_Java, id=88644, stack(0x000000000ac70000,0x000000000ad70000)]
  0x000000000a5e1800 JavaThread "pool-2-thread-3" [_thread_blocked, id=90552, stack(0x000000000ab70000,0x000000000ac70000)]
  0x000000000a5de800 JavaThread "pool-2-thread-2" [_thread_blocked, id=90436, stack(0x000000000aa70000,0x000000000ab70000)]
  0x000000000a4ba800 JavaThread "pool-3-thread-1" [_thread_blocked, id=89668, stack(0x000000000a970000,0x000000000aa70000)]
  0x000000000a646800 JavaThread "pool-2-thread-1" [_thread_blocked, id=90628, stack(0x000000000a870000,0x000000000a970000)]
  0x0000000008afd000 JavaThread "Service Thread" daemon [_thread_blocked, id=85804, stack(0x000000000a270000,0x000000000a370000)]
  0x0000000008ae9000 JavaThread "C2 CompilerThread1" daemon [_thread_blocked, id=90516, stack(0x000000000a170000,0x000000000a270000)]
=>0x0000000008ae7000 JavaThread "C2 CompilerThread0" daemon [_thread_in_native, id=80192, stack(0x000000000a070000,0x000000000a170000)]
  0x0000000008ae6000 JavaThread "Attach Listener" daemon [_thread_blocked, id=86764, stack(0x0000000009f70000,0x000000000a070000)]
  0x0000000008ae3000 JavaThread "Signal Dispatcher" daemon [_thread_blocked, id=86936, stack(0x0000000009e70000,0x0000000009f70000)]
  0x0000000008a52800 JavaThread "Finalizer" daemon [_thread_blocked, id=84100, stack(0x0000000009d70000,0x0000000009e70000)]
  0x0000000008a4f800 JavaThread "Reference Handler" daemon [_thread_blocked, id=90240, stack(0x0000000009c70000,0x0000000009d70000)]
  0x00000000024ee000 JavaThread "main" [_thread_in_Java, id=89472, stack(0x0000000002350000,0x0000000002450000)]

Other Threads:
  0x0000000008a46800 VMThread [stack: 0x0000000009b70000,0x0000000009c70000] [id=80408]
  0x0000000008b40800 WatcherThread [stack: 0x000000000a370000,0x000000000a470000] [id=90460]

VM state:synchronizing (normal execution)

VM Mutex/Monitor currently owned by a thread:  ([mutex/lock_event])
[0x00000000024eb4e0] Safepoint_lock - owner thread: 0x0000000008a46800
[0x00000000024ebbe0] Threads_lock - owner thread: 0x0000000008a46800

Heap
 PSYoungGen      total 76288K, used 53646K [0x00000000eaab0000, 0x00000000effd0000, 0x0000000100000000)
  eden space 65408K, 82% used [0x00000000eaab0000,0x00000000edf13a30,0x00000000eea90000)
  from space 10880K, 0% used [0x00000000ef530000,0x00000000ef530000,0x00000000effd0000)
  to   space 10880K, 0% used [0x00000000eea90000,0x00000000eea90000,0x00000000ef530000)
 ParOldGen       total 174336K, used 0K [0x00000000c0000000, 0x00000000caa40000, 0x00000000eaab0000)
  object space 174336K, 0% used [0x00000000c0000000,0x00000000c0000000,0x00000000caa40000)
 PSPermGen       total 21248K, used 6077K [0x00000000bae00000, 0x00000000bc2c0000, 0x00000000c0000000)
  object space 21248K, 28% used [0x00000000bae00000,0x00000000bb3ef420,0x00000000bc2c0000)

Card table byte_map: [0x00000000056b0000,0x00000000058e0000] byte_map_base: 0x00000000050d9000

Polling page: 0x00000000001f0000

Code Cache  [0x00000000025f0000, 0x0000000002860000, 0x00000000055f0000)
 total_blobs=555 nmethods=318 adapters=188 free_code_cache=47866Kb largest_free_block=48981760

Compilation events (10 events):
Event: 2.099 Thread 0x0000000008ae9000 nmethod 314 0x000000000272e690 code [0x000000000272e7e0, 0x000000000272e8b8]
Event: 2.099 Thread 0x0000000008ae9000  315   !         com.android.dx.rop.cst.StdConstantPool::get (24 bytes)
Event: 2.100 Thread 0x0000000008ae9000 nmethod 315 0x000000000272d8d0 code [0x000000000272da00, 0x000000000272da98]
Event: 2.100 Thread 0x0000000008ae9000  316             com.android.dx.ssa.MoveParamCombiner$1::visitNonMoveInsn (213 bytes)
Event: 2.101 Thread 0x0000000008ae9000 nmethod 316 0x000000000272bb90 code [0x000000000272bce0, 0x000000000272be58]
Event: 2.101 Thread 0x0000000008ae9000  317             com.android.dx.ssa.SsaMethod::getExitBlock (26 bytes)
Event: 2.102 Thread 0x0000000008ae9000 nmethod 317 0x000000000272b7d0 code [0x000000000272b920, 0x000000000272b9f8]
Event: 2.102 Thread 0x0000000008ae9000  318             com.android.dx.ssa.back.FirstFitLocalCombiningAllocator$1::processInsn (169 bytes)
Event: 2.116 Thread 0x0000000008ae9000 nmethod 318 0x0000000002737710 code [0x0000000002737980, 0x0000000002738610]
Event: 2.116 Thread 0x0000000008ae9000  319             com.android.dx.ssa.LiteralOpUpgrader::tryReplacingWithConstant (161 bytes)

GC Heap History (0 events):
No events

Deoptimization events (8 events):
Event: 0.542 Thread 0x000000000a5e2000 Uncommon trap -34 fr.pc 0x0000000002668ed8
Event: 0.542 Thread 0x000000000a5e2000 Uncommon trap -34 fr.pc 0x0000000002668ed8
Event: 0.542 Thread 0x000000000a5e2000 Uncommon trap -34 fr.pc 0x0000000002668ed8
Event: 0.543 Thread 0x000000000a5e2000 Uncommon trap -34 fr.pc 0x0000000002668ed8
Event: 0.555 Thread 0x00000000024ee000 Uncommon trap -12 fr.pc 0x000000000266c80c
Event: 0.573 Thread 0x000000000a5e1800 Uncommon trap -12 fr.pc 0x0000000002671fcc
Event: 1.018 Thread 0x000000000a5e2000 Uncommon trap -83 fr.pc 0x0000000002664104
Event: 1.954 Thread 0x00000000024ee000 Uncommon trap -83 fr.pc 0x000000000270fcdc

Internal exceptions (10 events):
Event: 0.515 Thread 0x00000000024ee000 Threw 0x00000000eba09fc8 at C:\jdk7u2_64p\jdk7u25\hotspot\src\share\vm\prims\jvm.cpp:1235
Event: 0.520 Thread 0x000000000a646800 Threw 0x00000000eb3308c0 at C:\jdk7u2_64p\jdk7u25\hotspot\src\share\vm\prims\jvm.cpp:1235
Event: 0.555 Thread 0x00000000024ee000 Implicit null exception at 0x000000000266c495 to 0x000000000266c7f9
Event: 0.573 Thread 0x000000000a5e1800 Implicit null exception at 0x00000000026717d4 to 0x0000000002671fb1
Event: 0.623 Thread 0x000000000a646800 Threw 0x00000000ebb62d08 at C:\jdk7u2_64p\jdk7u25\hotspot\src\share\vm\prims\jvm.cpp:1235
Event: 0.683 Thread 0x00000000024ee000 Threw 0x00000000ebac3070 at C:\jdk7u2_64p\jdk7u25\hotspot\src\share\vm\prims\jvm.cpp:1235
Event: 0.919 Thread 0x00000000024ee000 Threw 0x00000000ebd53720 at C:\jdk7u2_64p\jdk7u25\hotspot\src\share\vm\prims\jvm.cpp:1235
Event: 0.919 Thread 0x00000000024ee000 Threw 0x00000000ebd55d38 at C:\jdk7u2_64p\jdk7u25\hotspot\src\share\vm\prims\jvm.cpp:1235
Event: 1.995 Thread 0x000000000a5e2000 Threw 0x00000000edd31500 at C:\jdk7u2_64p\jdk7u25\hotspot\src\share\vm\prims\jvm.cpp:1235
Event: 1.996 Thread 0x000000000a5e2000 Threw 0x00000000edd36d10 at C:\jdk7u2_64p\jdk7u25\hotspot\src\share\vm\prims\jvm.cpp:1235

Events (10 events):
Event: 0.919 loading class 0x000000000a53cf70
Event: 0.919 loading class 0x000000000a53cf70 done
Event: 1.018 Thread 0x000000000a5e2000 DEOPT PACKING pc=0x0000000002664104 sp=0x000000000ad6e7e0
Event: 1.018 Thread 0x000000000a5e2000 DEOPT UNPACKING pc=0x0000000002629164 sp=0x000000000ad6e780 mode 2
Event: 1.954 Thread 0x00000000024ee000 DEOPT PACKING pc=0x000000000270fcdc sp=0x000000000244e8d0
Event: 1.954 Thread 0x00000000024ee000 DEOPT UNPACKING pc=0x0000000002629164 sp=0x000000000244e8a0 mode 2
Event: 1.995 loading class 0x000000000a673ed0
Event: 1.995 loading class 0x000000000a673ed0 done
Event: 1.996 loading class 0x000000000a637b10
Event: 1.996 loading class 0x000000000a637b10 done


Dynamic libraries:
0x00007ff6ae410000 - 0x00007ff6ae443000 	C:\Program Files\Java\jdk1.7.0_25\bin\java.exe
0x00007ffac94d0000 - 0x00007ffac9691000 	C:\WINDOWS\SYSTEM32\ntdll.dll
0x00007ffac73a0000 - 0x00007ffac744d000 	C:\WINDOWS\system32\KERNEL32.DLL
0x00007ffac5b60000 - 0x00007ffac5d48000 	C:\WINDOWS\system32\KERNELBASE.dll
0x00007ffac7a00000 - 0x00007ffac7aa7000 	C:\WINDOWS\system32\ADVAPI32.dll
0x00007ffac77a0000 - 0x00007ffac783d000 	C:\WINDOWS\system32\msvcrt.dll
0x00007ffac7840000 - 0x00007ffac789b000 	C:\WINDOWS\system32\sechost.dll
0x00007ffac7dd0000 - 0x00007ffac7eec000 	C:\WINDOWS\system32\RPCRT4.dll
0x00007ffac78a0000 - 0x00007ffac79f6000 	C:\WINDOWS\system32\USER32.dll
0x00007ffac7610000 - 0x00007ffac7796000 	C:\WINDOWS\system32\GDI32.dll
0x00007ffab8120000 - 0x00007ffab8394000 	C:\WINDOWS\WinSxS\amd64_microsoft.windows.common-controls_6595b64144ccf1df_6.0.10586.0_none_8c15ae12515e1c22\COMCTL32.dll
0x00007ffac6dd0000 - 0x00007ffac704d000 	C:\WINDOWS\system32\combase.dll
0x00007ffac6840000 - 0x00007ffac68aa000 	C:\WINDOWS\system32\bcryptPrimitives.dll
0x00007ffac7b80000 - 0x00007ffac7bbb000 	C:\WINDOWS\system32\IMM32.DLL
0x000000006dac0000 - 0x000000006db91000 	C:\Program Files\Java\jdk1.7.0_25\jre\bin\msvcr100.dll
0x000000006dec0000 - 0x000000006e5cf000 	C:\Program Files\Java\jdk1.7.0_25\jre\bin\server\jvm.dll
0x00007ffac9460000 - 0x00007ffac9468000 	C:\WINDOWS\system32\PSAPI.DLL
0x00007ffabbac0000 - 0x00007ffabbac9000 	C:\WINDOWS\SYSTEM32\WSOCK32.dll
0x00007ffac7ab0000 - 0x00007ffac7b1b000 	C:\WINDOWS\system32\WS2_32.dll
0x00007ffac3650000 - 0x00007ffac3673000 	C:\WINDOWS\SYSTEM32\WINMM.dll
0x00007ffac2a40000 - 0x00007ffac2a6c000 	C:\WINDOWS\SYSTEM32\WINMMBASE.dll
0x00007ffac6680000 - 0x00007ffac66c3000 	C:\WINDOWS\system32\cfgmgr32.dll
0x000000006e9d0000 - 0x000000006e9df000 	C:\Program Files\Java\jdk1.7.0_25\jre\bin\verify.dll
0x000000006e9a0000 - 0x000000006e9c8000 	C:\Program Files\Java\jdk1.7.0_25\jre\bin\java.dll
0x000000006e980000 - 0x000000006e995000 	C:\Program Files\Java\jdk1.7.0_25\jre\bin\zip.dll
0x000000006e940000 - 0x000000006e959000 	C:\Program Files\Java\jdk1.7.0_25\jre\bin\net.dll
0x00007ffac53a0000 - 0x00007ffac53fc000 	C:\WINDOWS\system32\mswsock.dll
0x000000006e960000 - 0x000000006e971000 	C:\Program Files\Java\jdk1.7.0_25\jre\bin\nio.dll

VM Arguments:
jvm_args: -Djava.awt.headless=true -Xmx1024M -Dfile.encoding=GBK -Duser.country=GB -Duser.language=en -Duser.variant 
java_command: com.android.dx.command.Main --dex --force-jumbo --num-threads=4 --multi-dex --output D:\src\Health\app\build\intermediates\transforms\dex\debug\folders\1000\10\com.android.support-recyclerview-v7-23.2.1_c5cf739ff9b69bee626d461855457405afb7f742 D:\src\Health\app\build\intermediates\exploded-aar\com.android.support\recyclerview-v7\23.2.1\jars\classes.jar
Launcher Type: SUN_STANDARD

Environment Variables:
JAVA_HOME=C:\Program Files\Java\jdk1.7.0_25
CLASSPATH=TALINA_HOME1b;.;C:\Program Files\Java\jdk1.7.0_25\lib;C:\Program Files\Java\jdk1.7.0_25\jre8\lib\tools.jar;D:\Program Files (x86)\apache-tomcat-8.0.21\lib\servlet-api.jar
PATH=C:\Program Files (x86)\PC Connectivity Solution\;C:\WINDOWS\system32;C:\WINDOWS;C:\WINDOWS\System32\Wbem;C:\WINDOWS\System32\WindowsPowerShell\v1.0\;C:\Program Files\Java\jdk1.7.0_25\bin;C:\Program Files\Java\jdk1.7.0_25\jre8\bin;;D:\Program Files\MATLAB\R2014b\runtime\win64;D:\Program Files\MATLAB\R2014b\bin;D:\Program Files (x86)\apache-tomcat-8.0.21\bin;C:\Python27\Scripts;C:\Program Files\nodejs\;;C:\Program Files (x86)\ATI Technologies\ATI.ACE\Core-Static;C:\Program Files (x86)\MySQL\MySQL Fabric 1.5 & MySQL Utilities 1.5\;C:\Program Files (x86)\MySQL\MySQL Fabric 1.5 & MySQL Utilities 1.5\Doctrine extensions for PHP\;C:\Program Files (x86)\Windows Kits\8.1\Windows Performance Toolkit\;C:\Program Files\Microsoft SQL Server\110\Tools\Binn\;C:\Users\hp\AppData\Roaming\npm;C:\Program Files\MySQL\MySQL Server 5.7\bin
USERNAME=hp
OS=Windows_NT
PROCESSOR_IDENTIFIER=Intel64 Family 6 Model 42 Stepping 7, GenuineIntel



---------------  S Y S T E M  ---------------

OS: Windows 8 , 64 bit Build 9200 

CPU:total 4 (4 cores per cpu, 1 threads per core) family 6 model 42 stepping 7, cmov, cx8, fxsr, mmx, sse, sse2, sse3, ssse3, sse4.1, sse4.2, popcnt, avx, tsc, tscinvbit

Memory: 4k page, physical 16734324k(3225284k free), swap 16734324k(5224k free)

vm_info: Java HotSpot(TM) 64-Bit Server VM (23.25-b01) for windows-amd64 JRE (1.7.0_25-b17), built on Jun 21 2013 12:58:32 by "java_re" with unknown MS VC++:1600

time: Mon Apr 25 22:37:35 2016
elapsed time: 2 seconds

